commit 852ee4f46192f6486fed9879a7b7dd6ce574f712
Author: dares23 <davidares7@gmail.com>
Date:   Wed Apr 5 13:12:10 2017 -0500

    changed http call

commit 73a419eed93305d755c642eb38dd9a867529066e
Merge: 8e464a1 cced5f7
Author: Nick Kantor <njk464@users.noreply.github.com>
Date:   Wed Apr 5 13:05:47 2017 -0500

    Merge pull request #47 from samuelbraley/master
    
    Oops

commit cced5f7a952d29896d3c1623ba09f54789529aa3
Merge: bda85eb 1ebb1c7
Author: Nick Kantor <njk464@users.noreply.github.com>
Date:   Wed Apr 5 13:00:09 2017 -0500

    Merge pull request #46 from samuelbraley/dev-react-nick
    
    Dev react nick

commit 1ebb1c73e34dea7c6b7056d3029c844d19bba3b8
Merge: 0bb6a73 32adf77
Author: Nick Kantor <nick.kantor@utexas.edu>
Date:   Wed Apr 5 12:57:00 2017 -0500

    Resolving merge

commit 0bb6a73e4ff788c46e50ff50371a69673bf4cba2
Author: Nick Kantor <nick.kantor@utexas.edu>
Date:   Wed Apr 5 12:32:40 2017 -0500

    Rebased to develop

commit 43aa45fab594eeff426cddfce2ce489953504067
Author: Nick Kantor <nick.kantor@utexas.edu>
Date:   Wed Apr 5 12:21:56 2017 -0500

    Changes for the merge.

commit 53ffb34d3d5be6d94f3cab4c7f9e2fe435679b76
Author: Nick Kantor <nick.kantor@utexas.edu>
Date:   Wed Apr 5 10:39:55 2017 -0500

    Working on react for the about page.

commit 513ccd557a5cb43d3762dd07a0a3de2d1937accc
Author: Nick Kantor <nick.kantor@utexas.edu>
Date:   Mon Apr 3 18:32:56 2017 -0500

    Created a bash script to compile all necessary react files.

commit abbca0a8fdda8fc58b5ee6b9ca4a52404c839433
Author: Nick Kantor <nick.kantor@utexas.edu>
Date:   Mon Apr 3 17:58:22 2017 -0500

    Finished updating the carousel.

commit 32adf77ef59e748183c3422f153b9ea3cdcc26a3
Author: Nick Kantor <nick.kantor@utexas.edu>
Date:   Wed Apr 5 12:21:56 2017 -0500

    Changes for the merge.

commit 8e464a1f988028fddf04c83c3413f3599f96876d
Author: Scott Farrior <farrior@cs.utexas.edu>
Date:   Wed Apr 5 12:16:53 2017 -0500

    Updates default expiry in the yaml

commit d0351df43183afbaf2219612df2c99093b0e07d2
Merge: c358124 fe6a7f9
Author: David Ares <davidares7@gmail.com>
Date:   Wed Apr 5 12:04:58 2017 -0500

    Merge pull request #45 from samuelbraley/dev-react-d3
    
    Dev react d3

commit fe6a7f9fd0852ecb921996dd0f141d71b858dcb1
Author: dares23 <davidares7@gmail.com>
Date:   Wed Apr 5 12:02:27 2017 -0500

    running all model list off of one js file

commit 26010aa00368a4e761b7d1e2998ecd92b28dfdb6
Author: Nick Kantor <nick.kantor@utexas.edu>
Date:   Wed Apr 5 10:39:55 2017 -0500

    Working on react for the about page.

commit c3581240e7f4d51bbce750bf0eecdf0fd6890b08
Author: Gustavo Osorio <lpztavo@yahoo.com>
Date:   Wed Apr 5 05:19:51 2017 -0500

    Uncommented code to run coverage and fixed test.py pylint errors

commit ecefba9fb0c289dfe812a434604fb3cc338522ad
Merge: fb36eb1 efa001e
Author: David Ares <davidares7@gmail.com>
Date:   Tue Apr 4 18:24:33 2017 -0500

    Merge pull request #44 from samuelbraley/dev-react-d3-sam
    
    Dev react d3 sam

commit efa001ec12172cf86172f81db45ec88d5d1c6eb3
Merge: 2a0c3f9 3e84268
Author: dares23 <davidares7@gmail.com>
Date:   Tue Apr 4 18:21:11 2017 -0500

    Merge branch 'dev-react-d3-sam' of https://github.com/samuelbraley/idb into dev-react-d3-sam

commit 2a0c3f9307ed5e06bcd886458160bb3cff9af2ca
Author: Samuel Braley <samuel.braley@utexas.edu>
Date:   Tue Apr 4 18:12:28 2017 -0500

    got basic form of planet page working

commit fb36eb1068b10a613ace6dc4e61bae44053fb335
Author: dares23 <davidares7@gmail.com>
Date:   Tue Apr 4 18:15:47 2017 -0500

    added api call for list of models, put all models on one render file

commit 3e84268265400e92e734acc054b852e6313bdca1
Author: Samuel Braley <samuel.braley@utexas.edu>
Date:   Tue Apr 4 18:12:28 2017 -0500

    got basic form of planet page working

commit 809fce0ecc109525b65d2139853d40375da2186b
Author: dares23 <davidares7@gmail.com>
Date:   Tue Apr 4 15:10:09 2017 -0500

    changed bootstap ref in base.html

commit 62e1ab162f1dd9606f6e7cea2e6e9a755ad246b5
Merge: 390d6c5 1d32c31
Author: dares23 <davidares7@gmail.com>
Date:   Tue Apr 4 14:21:17 2017 -0500

    Merge branch 'develop' of https://github.com/samuelbraley/idb into dev-react-d3

commit 390d6c5f4d5807f761a0197220445a835e483ec0
Author: dares23 <davidares7@gmail.com>
Date:   Tue Apr 4 14:18:32 2017 -0500

    getting href of site

commit e2ea4fb578588b88d89e2563c7bec6f3b479c8c7
Author: dares23 <davidares7@gmail.com>
Date:   Tue Apr 4 14:06:13 2017 -0500

    completed components for grid pages

commit 1d32c310b020149702b184dbd39141d2439399da
Merge: 018ba69 167eecb
Author: Scott Farrior <farrior@utexas.edu>
Date:   Tue Apr 4 10:53:44 2017 -0500

    Merge pull request #43 from samuelbraley/scott-make-database
    
    Merging changes to develop

commit 167eecb6dbdfd606cdea64d31460b9be063ffab7
Author: Scott Farrior <farrior@cs.utexas.edu>
Date:   Tue Apr 4 10:43:29 2017 -0500

    Updated makefile to generated a better pylintrc

commit ed1dc85bb5b70853e25d34d430b9f895fc667651
Author: Scott Farrior <farrior@cs.utexas.edu>
Date:   Tue Apr 4 10:43:06 2017 -0500

    Cleaned up database.py and changed how the load_db method works

commit b6264ddf89f809b5605c589cc731090344eb09af
Author: Scott Farrior <farrior@cs.utexas.edu>
Date:   Tue Apr 4 10:17:18 2017 -0500

    Moved and cleaned up some files

commit 71405b496dd4065f7104bc1763444a8a803399b7
Author: Scott Farrior <farrior@cs.utexas.edu>
Date:   Mon Apr 3 23:59:55 2017 -0500

    Create database script

commit 018ba69d107b93f7d9da37b9f6e820f0f7717802
Author: Scott Farrior <farrior@cs.utexas.edu>
Date:   Mon Apr 3 22:28:48 2017 -0500

    Ran pylint and autopep8 on models.py. Apologies to whoever formatted it all nicely, but it made the tools mad.

commit 33ca6debbf74e8b65d2b2953ce3eb78950e4425a
Author: Scott Farrior <farrior@cs.utexas.edu>
Date:   Mon Apr 3 20:31:08 2017 -0500

    Removes the curated images file I forgot to remove

commit 7a46d9e91c33cb176f85e5e668904836008369d4
Author: Scott Farrior <farrior@cs.utexas.edu>
Date:   Mon Apr 3 20:24:01 2017 -0500

    Patches satellite.json and adds script for future patching

commit 2f716e6db946032195fe1d1ce06a058bd32d9dcd
Merge: 485f4c0 df5d19b
Author: dares23 <davidares7@gmail.com>
Date:   Mon Apr 3 19:08:48 2017 -0500

    Merge branch 'dev-react-d3' of https://github.com/samuelbraley/idb into dev-react-d3

commit 485f4c05769e4d5f6033c89f1037b67bf967060c
Author: dares23 <davidares7@gmail.com>
Date:   Mon Apr 3 19:04:26 2017 -0500

    added render page

commit 759f26dbcd767646d8f075245a5cdfda9f863e90
Author: dares23 <davidares7@gmail.com>
Date:   Mon Apr 3 19:02:26 2017 -0500

    got planets to render, need to add api call

commit 756007b48eaac3971d472deca3c86cb1f98a5761
Author: dares23 <davidares7@gmail.com>
Date:   Mon Apr 3 13:49:50 2017 -0500

    added components

commit dac3e0a75594960478139cd5da78ae3303340c41
Author: Nick Kantor <nick.kantor@utexas.edu>
Date:   Mon Apr 3 12:12:26 2017 -0500

    Added bower components

commit 7f87f9a9d5dddb4481771971276970146abea5f5
Author: Nick Kantor <nick.kantor@utexas.edu>
Date:   Mon Apr 3 11:52:59 2017 -0500

    Minor fix

commit a4b906286bc05e0dcf3e30577ccecdca2a44745e
Author: Nick Kantor <nick.kantor@utexas.edu>
Date:   Mon Apr 3 11:49:03 2017 -0500

    Carousel is almost ready.

commit df5d19b234b82a97cfd507d1dc17f07fc422a2ff
Author: dares23 <davidares7@gmail.com>
Date:   Mon Apr 3 19:04:26 2017 -0500

    added render page

commit 89799999263ccc49c30472201a6ac2c466191264
Author: dares23 <davidares7@gmail.com>
Date:   Mon Apr 3 19:02:26 2017 -0500

    got planets to render, need to add api call

commit b526602de9a300431706c5ec8f6a64fece3b43a6
Author: Nick Kantor <nick.kantor@utexas.edu>
Date:   Mon Apr 3 18:32:56 2017 -0500

    Created a bash script to compile all necessary react files.

commit 4d1d56a7d6c36497deb3980cca23903063ae5f02
Author: Nick Kantor <nick.kantor@utexas.edu>
Date:   Mon Apr 3 17:58:22 2017 -0500

    Finished updating the carousel.

commit 3d080a7ebdc4b47bcee6613e363b5886bf2e156a
Author: Scott Farrior <farrior@cs.utexas.edu>
Date:   Mon Apr 3 14:49:33 2017 -0500

    Adds file to make changes to satellite json with

commit 4497a6088a6fd4934f2d34f01eeeec71a17bdcd3
Author: dares23 <davidares7@gmail.com>
Date:   Mon Apr 3 13:49:50 2017 -0500

    added components

commit 30718fc83cadb980573b0facd3219812312cc49c
Merge: 052e127 cfcc4fe
Author: Scott Farrior <farrior@utexas.edu>
Date:   Mon Apr 3 12:41:44 2017 -0500

    Merge pull request #42 from samuelbraley/dev-api
    
    Merge Dev-Api in to develop

commit cfcc4fe04140bcae403fc96b930862b9912133e8
Merge: e35c125 052e127
Author: Scott Farrior <farrior@utexas.edu>
Date:   Mon Apr 3 12:40:13 2017 -0500

    Merge branch 'develop' into dev-api

commit e35c125260044288415a399efed2f41f89185c3d
Author: Taben Malik <tabenjmalik@gmail.com>
Date:   Mon Apr 3 12:15:34 2017 -0500

    Adjusted satellite scraper to get more satellites

commit 2857d2b0a6ad7837d9fc1e085c3d7730c7008e66
Author: Nick Kantor <nick.kantor@utexas.edu>
Date:   Mon Apr 3 12:12:26 2017 -0500

    Added bower components

commit ce251433396c91ac6fd18308d9721002480c4822
Author: Nick Kantor <nick.kantor@utexas.edu>
Date:   Mon Apr 3 11:52:59 2017 -0500

    Minor fix

commit dbc7e849b01395c755defafa5edc4b2056a74de4
Author: Nick Kantor <nick.kantor@utexas.edu>
Date:   Mon Apr 3 11:49:03 2017 -0500

    Carousel is almost ready.

commit ae5cc4e5b5038aeaa2ab5df29557ea52a344c6c7
Author: Scott Farrior <farrior@cs.utexas.edu>
Date:   Mon Apr 3 10:13:06 2017 -0500

    Updated version of flask-restless in requirements.txt for gcp

commit e549b69956556b6aa1284a3b06981809c1facb99
Author:  <gustavo.osorio@utexas.edu>
Date:   Mon Apr 3 05:28:41 2017 -0500

    Changed .travis.yml to install restless

commit 4d938954345404faf6a9918c7c74449c60f78bc8
Author:  <gustavo.osorio@utexas.edu>
Date:   Mon Apr 3 04:45:21 2017 -0500

    Updated tests and makefile to run them with make test

commit 1e0837a721eb743b18a0e2367f28324441f962b2
Author:  <gustavo.osorio@utexas.edu>
Date:   Mon Apr 3 04:44:25 2017 -0500

    Made small change to satellite.to_dict()

commit 7b58a4406d6ec1b07ee23db40a5e5019cb8d4015
Author: Scott Farrior <farrior@cs.utexas.edu>
Date:   Sun Apr 2 19:43:45 2017 -0500

    Updates app.yaml for database

commit dcd839792a98af7f244e7a3973d11a309a252743
Author: Taben Malik <tabenjmalik@gmail.com>
Date:   Sun Apr 2 14:23:34 2017 -0500

    Customized restless api

commit 49e9585b94ef6ab00627af29a19d0f11537aa18e
Author: Taben Malik <tabenjmalik@gmail.com>
Date:   Sun Apr 2 13:31:39 2017 -0500

    Removed manual api

commit 052e1278e6d339b6356a0b079dc7056d0d9ff09f
Merge: a9a24dc 8b0be62
Author: Nick Kantor <nick.kantor@utexas.edu>
Date:   Sat Apr 1 22:23:05 2017 -0500

    Merge branch 'develop' of https://github.com/samuelbraley/idb into develop

commit a9a24dc7bedda6f0d387a7a2cc29af58ac11943f
Author: Nick Kantor <nick.kantor@utexas.edu>
Date:   Sat Apr 1 22:22:54 2017 -0500

    ES6 react now works.

commit 903a41de01e19a0d99b8fead69741f5bdee79106
Author: Nick Kantor <nick.kantor@utexas.edu>
Date:   Sat Apr 1 21:51:17 2017 -0500

    Trying to get ES6 to work.

commit 4e6142246fdbff560ca3cb268d9e769bc701044e
Author: tabenmalik <tabenjmalik@gmail.com>
Date:   Sat Apr 1 21:32:56 2017 -0500

    Incorporated flask restless

commit a2fb13cd0330225f10ee7b3e5159826001b07d46
Author: tabenmalik <tabenjmalik@gmail.com>
Date:   Sat Apr 1 20:46:04 2017 -0500

    Manual API Test

commit 8b0be62507529709ab93fa88db15dcd43df2f999
Author: Gustavo Osorio <lpztavo@yahoo.com>
Date:   Sat Apr 1 06:00:04 2017 -0500

    Updated database.py to insert json data to database with correct relations

commit 9790f4f0fd81d7b9b2b04429cec97e37185689b5
Author: Gustavo Osorio <lpztavo@yahoo.com>
Date:   Sat Apr 1 05:54:10 2017 -0500

    Commented out asserts from models.py and updated arg name in constructor for ra and dec to match json for unpacking

commit 9f0642d4c69cd7a742637202de951dab5813d818
Author: Gustavo Osorio <lpztavo@yahoo.com>
Date:   Sat Apr 1 05:51:21 2017 -0500

    Removed 'host_name' from hard coded earth and updated scripts

commit dcc8d1b44987910f8bf6126b546e4698953b13b2
Author: Scott Farrior <farrior@cs.utexas.edu>
Date:   Fri Mar 31 15:39:00 2017 -0500

    Comments out model init to use default kwargs version

commit e9eb38b8b2c1bdec82b5415a4ad5e8d44a974618
Author: Gustavo Osorio <lpztavo@yahoo.com>
Date:   Fri Mar 31 00:14:56 2017 -0500

    Updated UML

commit 59bd7d2dc703dc30140f08d3e43138aa4a3cba09
Author: Scott Farrior <farrior@cs.utexas.edu>
Date:   Thu Mar 30 23:35:37 2017 -0500

    Updates planets to match the json

commit ff8480fa67b3f6f1906a3af8bc5e6564a5c6ae91
Author: Scott Farrior <farrior@cs.utexas.edu>
Date:   Thu Mar 30 19:45:35 2017 -0500

    Updates planets to match json

commit 92b1dfa5d1f1325a7f1e1bd5bcf601202fceccf0
Author: Scott Farrior <farrior@cs.utexas.edu>
Date:   Thu Mar 30 19:30:55 2017 -0500

    Updates stars to match json

commit f221ada15c5dcd1f88aaf4d8eb09809899ba1fcd
Author: Scott Farrior <farrior@cs.utexas.edu>
Date:   Thu Mar 30 19:10:11 2017 -0500

    Updated Satellite to match new json in models.py

commit 1b6aa9b5c8ebf599cc8ca876beb48ee4b093bd63
Author: Scott Farrior <farrior@cs.utexas.edu>
Date:   Thu Mar 30 17:15:03 2017 -0500

    Images curated

commit 8faba53b58a5cd1973453097310d6a661bbea60e
Author: tabenmalik <tabenjmalik@gmail.com>
Date:   Thu Mar 30 15:36:12 2017 -0500

    Change data scraper to reflect updated models. Incorporated satellite url scraper

commit 75d9ae3101793e1f7f7d5abe2f60e803d3c8c02f
Author: Gustavo Osorio <lpztavo@yahoo.com>
Date:   Thu Mar 30 06:39:33 2017 -0500

    Added script to collect all image urls for satellite

commit 2c378917c361ad0067e14a379e6497e0002abe2f
Merge: cfe7f58 ecfd9a5
Author: Nick Kantor <nick.kantor@utexas.edu>
Date:   Wed Mar 29 10:35:49 2017 -0500

    Merge branch 'develop' of https://github.com/samuelbraley/idb into develop

commit cfe7f581f36ef5ea47f028bf15fc675d8539e04f
Author: Nick Kantor <nick.kantor@utexas.edu>
Date:   Wed Mar 29 10:35:32 2017 -0500

    Removed bower dependencies.

commit ecfd9a5b39d7499369eefa17098e5c4d22d2df91
Author: tabenmalik <tabenjmalik@gmail.com>
Date:   Tue Mar 28 23:25:25 2017 -0500

    Added makefile target to run data scraper

commit db0c44258c482a4b4c76f6f7a3d158ea2ae65494
Author: tabenmalik <tabenjmalik@gmail.com>
Date:   Tue Mar 28 23:23:23 2017 -0500

    Refined data collection scripts and data.

commit 47a1c7d780d05bf55f44ddf97601b3e2a0af8c66
Author: Gustavo Osorio <lpztavo@yahoo.com>
Date:   Tue Mar 28 23:14:34 2017 -0500

    Added code that will import json to database

commit 22130fc770e6cb5b273dc02969ab88bd9eba5b8a
Author: Gustavo Osorio <lpztavo@yahoo.com>
Date:   Tue Mar 28 20:37:32 2017 -0500

    Changed 'diamter' to 'diameter'

commit ad86d2e6b648cf026fecc28c1f3d0e3e18648be3
Author: tabenmalik <tabenjmalik@gmail.com>
Date:   Tue Mar 28 16:19:13 2017 -0500

    Completed scraper. Added data in json form

commit b1dc78d54db26031beff39d7ceb6d80d729b6ab1
Author: Scott Farrior <farrior@cs.utexas.edu>
Date:   Tue Mar 28 13:26:09 2017 -0500

    Updates app.yaml and requirements.txt for databases

commit 3c090ab4609cfe8309945ad53cb56b68d318b9f0
Merge: 0a70d88 5cf5f0a
Author: tabenmalik <tabenjmalik@gmail.com>
Date:   Mon Mar 27 22:53:16 2017 -0500

    Merge branch 'develop' of https://github.com/samuelbraley/idb into develop

commit 0a70d8840bcec2654c5928770a4f5d7ded70ea53
Author: tabenmalik <tabenjmalik@gmail.com>
Date:   Mon Mar 27 22:49:02 2017 -0500

    Added satellite scraper

commit 6b3867485b4841d01c83ad689cde313a0de32982
Author: tabenmalik <tabenjmalik@gmail.com>
Date:   Mon Mar 27 17:12:32 2017 -0500

    Added galaxy scraper

commit d14a21c83df342f9a87d654d1e9b22292151fb7e
Author: Nick Kantor <nick.kantor@utexas.edu>
Date:   Mon Mar 27 16:17:33 2017 -0500

    Added dependencies for React.

commit 372e5dbde93c213d274d6171c9cef3b226c77ed1
Author: tabenmalik <tabenjmalik@gmail.com>
Date:   Mon Mar 27 14:39:15 2017 -0500

    Added star data scraper

commit c7be9285efd7b93287636fc8d07ffad6d3092330
Author: tabenmalik <tabenjmalik@gmail.com>
Date:   Mon Mar 27 13:40:22 2017 -0500

    Added planet data scraper

commit 5cf5f0af4918f320719042a911537799b63d0499
Author: Nick Kantor <nick.kantor@utexas.edu>
Date:   Mon Mar 27 16:25:33 2017 -0500

    Removed the technical report pdf.

commit 5df2c81c15c23a0580aaef8066b10c470016adbe
Author: Nick Kantor <nick.kantor@utexas.edu>
Date:   Mon Mar 27 16:17:33 2017 -0500

    Added dependencies for React.

commit bda85eba151cb2e18fd1df5adfd03122d001f88c
Merge: 4a6ce67 5a47542
Author: Samuel Braley <samuelbraley@users.noreply.github.com>
Date:   Sat Mar 25 13:41:15 2017 -0500

    Merge pull request #31 from samuelbraley/develop
    
    Added simple table of contents

commit 5a47542b83d909c3aeef3e9016ccf9bcbd842a8c
Author: Taben Malik <tabenjmalik@gmail.com>
Date:   Sat Mar 25 11:20:04 2017 -0500

    Added simple table of contents

commit 4a6ce67ca4a245a079509cd2371c12eb383535ed
Author: tabenmalik <tabenjmalik@gmail.com>
Date:   Thu Mar 23 21:38:12 2017 -0500

    Replaced null values with data

commit 03c627d9bb71e8a55c31ddf0237b23548e0a2eec
Author: David Ares <davidares7@gmail.com>
Date:   Thu Mar 23 21:34:16 2017 -0500

    Delete TechnicalReport-Phase1.pdf

commit 646579e351933515879740acd27c7ee7049c9e50
Author: tabenmalik <tabenjmalik@gmail.com>
Date:   Thu Mar 23 21:30:40 2017 -0500

    Final commit

commit a06d1b1005e06e9bc6d877a05c253e9c6a6773f8
Merge: db01424 d78029e
Author: David Ares <davidares7@gmail.com>
Date:   Thu Mar 23 21:27:43 2017 -0500

    Merge pull request #30 from samuelbraley/develop
    
    Develop

commit d78029e4b625c3e9a3ee34fc127fc75ca17e04e2
Author: Scott Farrior <farrior@cs.utexas.edu>
Date:   Thu Mar 23 21:24:28 2017 -0500

    Re-made IDB1.html

commit db014242aad62655d15136f8e7816b1d1a107c11
Author: Samuel Braley <samuelbraley@users.noreply.github.com>
Date:   Thu Mar 23 21:22:18 2017 -0500

    Update README.md

commit f6391bc9c4616f882e385a96528a0891864de92b
Author: david Ares <dares23@cs.utexas.edu>
Date:   Thu Mar 23 21:21:59 2017 -0500

    makefile variable change

commit 81b55cf7057f5478efcc073adfeac23820a3590c
Merge: 10bf115 4bee7a8
Author: Nick Kantor <nick.kantor@utexas.edu>
Date:   Thu Mar 23 21:18:47 2017 -0500

    Merge branch 'develop' of https://github.com/samuelbraley/idb into develop

commit 10bf1159f5a08ba578c3b9654fddb1cf59e7fb6e
Author: Nick Kantor <nick.kantor@utexas.edu>
Date:   Thu Mar 23 21:18:31 2017 -0500

    Finialized the report and about page.

commit 4bee7a8041700e81b986f92059494ac6a5bc6e15
Author: Scott Farrior <farrior@cs.utexas.edu>
Date:   Thu Mar 23 21:18:17 2017 -0500

    Adds final IDB1.html

commit 5930453f156bbd2b75d61cea3781acebde439729
Merge: b6c79f7 ecb2ec8
Author: Nick Kantor <nick.kantor@utexas.edu>
Date:   Thu Mar 23 20:49:21 2017 -0500

    Merge branch 'develop' of https://github.com/samuelbraley/idb into develop

commit b6c79f717f501cb71c5d0c6fce6416229df707cb
Author: Nick Kantor <nick.kantor@utexas.edu>
Date:   Thu Mar 23 20:49:07 2017 -0500

    Latest changes to the report.

commit ecb2ec8757908f5c9d4f535ae49d55ec62ca10e5
Author: david Ares <dares23@cs.utexas.edu>
Date:   Thu Mar 23 20:45:50 2017 -0500

    fixing broken links

commit 3d6c3d86c850416462b4316dbd0ae3ebe649567a
Merge: e12683c 0ac8447
Author: David Ares <davidares7@gmail.com>
Date:   Thu Mar 23 20:41:36 2017 -0500

    Merge pull request #29 from samuelbraley/develop
    
    Develop

commit 0ac8447f58318e1efa29825caca41ec46e49c991
Merge: 2a301fc a53b4c4
Author: david Ares <dares23@cs.utexas.edu>
Date:   Thu Mar 23 20:35:21 2017 -0500

    Merge branch 'develop' of github.com:samuelbraley/idb into develop

commit 2a301fca25015cfa175a2aa7dcbbd9467e98b56b
Author: david Ares <dares23@cs.utexas.edu>
Date:   Thu Mar 23 20:34:40 2017 -0500

    formatting

commit c38a08d58f4aec719b6b84069c15f280e2b75185
Author: Nick Kantor <nick.kantor@utexas.edu>
Date:   Thu Mar 23 20:27:50 2017 -0500

    Added report page. Not done yet.

commit 18944c5dea47ae50ebbc3e5478c167174e4f04fc
Author: Gustavo Osorio <lpztavo@yahoo.com>
Date:   Thu Mar 23 20:24:21 2017 -0500

    Changed attribute names to match official model.

commit 62f11eef8b6edac67055607c7eb28b04dbc35758
Author: david Ares <dares23@cs.utexas.edu>
Date:   Thu Mar 23 20:10:41 2017 -0500

    added changes to the about page

commit 25086e18297ea9652e3b992246f3894383a658b6
Author: Scott Farrior <farrior@cs.utexas.edu>
Date:   Thu Mar 23 20:03:55 2017 -0500

    Fixed app.yaml

commit 0476ff2c11f34b67b3eaf5c83c71e224a3e691e1
Author: Scott Farrior <farrior@cs.utexas.edu>
Date:   Thu Mar 23 19:53:31 2017 -0500

    Updated app.yaml to try to save us some credits

commit 902eba456f6ca79febc272ed3364839e57d8c970
Author: david Ares <dares23@cs.utexas.edu>
Date:   Thu Mar 23 18:59:57 2017 -0500

    added better formatted picture

commit e295ac7614b7ea57ce02dac5440d6f25afe1f70a
Author: tabenmalik <tabenjmalik@gmail.com>
Date:   Thu Mar 23 18:50:39 2017 -0500

    Added satellite pictures

commit 4aa80ac90ba20cb4ba347e845b0007c462c9f43d
Author: Scott Farrior <farrior@utexas.edu>
Date:   Thu Mar 23 18:48:19 2017 -0500

    Fixed small error in UML diagram

commit ac8f208b9af4e10489fe2967669218ace7689db2
Author: Scott Farrior <farrior@cs.utexas.edu>
Date:   Thu Mar 23 18:42:41 2017 -0500

    Fixed a typo in models.py

commit d3391b75385bf177d408a4adef12cd57ce4afd85
Author: Scott Farrior <farrior@cs.utexas.edu>
Date:   Thu Mar 23 16:58:14 2017 -0500

    Added sfarrior bio

commit a53b4c49b469ffbea0b621bd797c5c170c24abbd
Author: david Ares <dares23@cs.utexas.edu>
Date:   Thu Mar 23 20:34:40 2017 -0500

    formatting

commit e12683c6577043e315c7d7f7f6522257dc77a7bd
Author: Samuel Braley <samuelbraley@users.noreply.github.com>
Date:   Thu Mar 23 20:31:44 2017 -0500

    Update README.md

commit fab93c196323cea29f0316079c1d975502f0183b
Author: Samuel Braley <samuelbraley@users.noreply.github.com>
Date:   Thu Mar 23 20:31:10 2017 -0500

    Create README.md

commit 21a03dd0068e1767a9725f761544c5ef5ccb0c35
Merge: ba1754e 0a32ac0
Author: Nick Kantor <nick.kantor@utexas.edu>
Date:   Thu Mar 23 20:28:02 2017 -0500

    Merge branch 'develop' of https://github.com/samuelbraley/idb into develop

commit ba1754e83959e9728a0162728b580e02bf2c9967
Author: Nick Kantor <nick.kantor@utexas.edu>
Date:   Thu Mar 23 20:27:50 2017 -0500

    Added report page. Not done yet.

commit 0a32ac085210ea73c44eca45533d7353c552e4d3
Author: Gustavo Osorio <lpztavo@yahoo.com>
Date:   Thu Mar 23 20:24:21 2017 -0500

    Changed attribute names to match official model.

commit 926abea1391949d1d798452fe5d10ee5a1510128
Author: david Ares <dares23@cs.utexas.edu>
Date:   Thu Mar 23 20:10:41 2017 -0500

    added changes to the about page

commit f5d5f9179d0aa480d1d00b35db54ed47c3becb9e
Author: Scott Farrior <farrior@cs.utexas.edu>
Date:   Thu Mar 23 20:03:55 2017 -0500

    Fixed app.yaml

commit 3a7690b0885cd6a0a0b705c8dd6121e62675f841
Merge: 5d0ea04 71d342d
Author: Scott Farrior <farrior@cs.utexas.edu>
Date:   Thu Mar 23 19:54:56 2017 -0500

    Merge branch 'develop' of https://github.com/samuelbraley/idb into develop

commit 5d0ea04436e3550f0fcdc5f4ce251531491a9e91
Author: Scott Farrior <farrior@cs.utexas.edu>
Date:   Thu Mar 23 19:53:31 2017 -0500

    Updated app.yaml to try to save us some credits

commit 71d342d98a32ea72f791bb5bb1dc1f51e0e2fdf2
Author: david Ares <dares23@cs.utexas.edu>
Date:   Thu Mar 23 18:59:57 2017 -0500

    added better formatted picture

commit 93e2279bb8a87fcc062ecec4e1e521acdb3e3fc4
Merge: a00f183 dd13177
Author: tabenmalik <tabenjmalik@gmail.com>
Date:   Thu Mar 23 18:51:09 2017 -0500

    Merge branch 'develop' of https://github.com/samuelbraley/idb into develop

commit a00f183eaeef5028dc5c5ecae4f2a6a50d5dba7e
Author: tabenmalik <tabenjmalik@gmail.com>
Date:   Thu Mar 23 18:50:39 2017 -0500

    Added satellite pictures

commit dd13177268855526663e0e882888a23562a7ccce
Author: Scott Farrior <farrior@utexas.edu>
Date:   Thu Mar 23 18:48:19 2017 -0500

    Fixed small error in UML diagram

commit 2c2df5b22d050e5c5af9ecbae63f649111306377
Author: Scott Farrior <farrior@cs.utexas.edu>
Date:   Thu Mar 23 18:42:41 2017 -0500

    Fixed a typo in models.py

commit 87c619c4bccd11de8998e817fd5e23810305bc2f
Merge: db28145 6538549
Author: david Ares <dares23@cs.utexas.edu>
Date:   Thu Mar 23 17:39:49 2017 -0500

    Merge branch 'develop' of github.com:samuelbraley/idb into develop

commit db2814571b9afea78dd049cfd0d3441dc40df455
Author: Scott Farrior <farrior@cs.utexas.edu>
Date:   Thu Mar 23 16:58:14 2017 -0500

    Added sfarrior bio

commit e5d1decff79c8926956b80b3eb104f82c4cccd1f
Merge: 8ddb960 8768304
Author: David Ares <davidares7@gmail.com>
Date:   Thu Mar 23 17:37:26 2017 -0500

    Merge pull request #28 from samuelbraley/dev-david-css
    
    Dev david css

commit 6538549bb15f8bbb29b1910ee1ad7e9355de605b
Merge: c7531ad 8768304
Author: David Ares <davidares7@gmail.com>
Date:   Thu Mar 23 17:34:37 2017 -0500

    Merge pull request #27 from samuelbraley/dev-david-css
    
    model list grids are finished

commit 8768304b3f23d3c61264f21b2163346dfe05eeed
Author: david Ares <dares23@cs.utexas.edu>
Date:   Thu Mar 23 17:31:38 2017 -0500

    updated picture

commit 1a3b72bb8d48fcb3c914a539a50ba49ffa809b33
Author: david Ares <dares23@cs.utexas.edu>
Date:   Thu Mar 23 17:26:00 2017 -0500

    reformatted model's html pages with css

commit 8ddb9600cbcd5f97bb8497978bd8450892614878
Author: Space Cowboys <spacecowboys373@gmail.com>
Date:   Thu Mar 23 17:21:05 2017 -0500

    Synched model attribute names

commit c7531ade0a027ca10c84badb522348e6ea447522
Author: Scott Farrior <farrior@cs.utexas.edu>
Date:   Thu Mar 23 16:58:14 2017 -0500

    Added sfarrior bio

commit 296ac3259f1b953ff4b074f89dca45a87f1e33d6
Author: Space Cowboys <spacecowboys373@gmail.com>
Date:   Thu Mar 23 16:58:11 2017 -0500

    Finished Apiary API Documentation. Fixes #2

commit 5315d8743cb4fea63e93504d8a46756afc202f7a
Author: david Ares <dares23@cs.utexas.edu>
Date:   Thu Mar 23 16:12:11 2017 -0500

    model list grids are finished

commit 2b190a57717cb5dfa2e707ea73518a9ee34024cd
Author: Space Cowboys <spacecowboys373@gmail.com>
Date:   Thu Mar 23 15:56:33 2017 -0500

    Update Apairy with new requests

commit 9e211adf8a978282638c0b1b745ce7fe3b618c48
Merge: 9b832eb 2c6efa1
Author: David Ares <davidares7@gmail.com>
Date:   Thu Mar 23 15:24:21 2017 -0500

    Merge pull request #25 from samuelbraley/dev-david-css
    
    added css to main tables

commit 2c6efa141de132343e184125569c92310fa021d6
Author: david Ares <dares23@cs.utexas.edu>
Date:   Thu Mar 23 15:22:06 2017 -0500

    added css to main tables

commit 9b832eb9850e963e025798b197f1c211c94f6a85
Author: tabenmalik <tabenjmalik@gmail.com>
Date:   Thu Mar 23 14:58:45 2017 -0500

    Added descriptions in about page

commit 70ad9064c5b6d3722adf076a79218066ecac701b
Merge: 7097c89 81afb5b
Author: Taben <tabenjmalik@gmail.com>
Date:   Thu Mar 23 13:58:25 2017 -0500

    Merge pull request #24 from samuelbraley/dev-david-models-page
    
    Dev david models page

commit 81afb5b1708b4e005295ba1e414a45288b071b8d
Author: dares23 <davidares7@gmail.com>
Date:   Thu Mar 23 13:44:26 2017 -0500

    added galaxy and satellite models

commit 7097c89151a29f2a318fc90f94af7755fa26c61a
Author: Scott Farrior <farrior@cs.utexas.edu>
Date:   Thu Mar 23 13:25:13 2017 -0500

    Updated makefile again, html target not part of make test any more

commit 3f07db3cb02ea107b6311f206d2426c3e5a9e455
Author: Scott Farrior <farrior@cs.utexas.edu>
Date:   Thu Mar 23 13:20:05 2017 -0500

    Forced a pylintrc to see if I could make the build not fail

commit e03aeea615faea0aaef8fcf5485f4a7399a3cb80
Author: dares23 <davidares7@gmail.com>
Date:   Thu Mar 23 13:17:00 2017 -0500

    completed planets and stars

commit bb6088d95317676133ddf5cff8e19730669804f0
Author: Scott Farrior <farrior@cs.utexas.edu>
Date:   Thu Mar 23 13:06:51 2017 -0500

    Makefile creates pylintrc in app folder as well

commit 1883e86d97859ca4510a1ee2042d86b5bea354de
Author: Scott Farrior <farrior@cs.utexas.edu>
Date:   Thu Mar 23 12:59:32 2017 -0500

    Updates makefile to not run coverage, create IDB1.html and .log

commit 496be4f764f3be73eccc6e66662389f7db3f6235
Author: Scott Farrior <farrior@cs.utexas.edu>
Date:   Thu Mar 23 12:57:39 2017 -0500

    Adds pydoc output for models.py

commit fb0b4cb872bd2bab453b04eda8e552f6c0dda1ad
Author: Scott Farrior <farrior@cs.utexas.edu>
Date:   Thu Mar 23 12:54:40 2017 -0500

    Further removes value and type errors from models and tests

commit 6f9bb961f08611e2c8db33481d06fd61f024a249
Author: Scott Farrior <farrior@cs.utexas.edu>
Date:   Thu Mar 23 12:19:26 2017 -0500

    Updated test.py to pylint standards and ran autopep8

commit 0e554167f1386ece2dd6b50bf47cdf9a6ed7596f
Author: Scott Farrior <farrior@cs.utexas.edu>
Date:   Thu Mar 23 12:06:08 2017 -0500

    Updates test.py to not have any value errors

commit f6b8de087628eacb54e8473cf6897e7b057940b6
Author: Scott Farrior <farrior@cs.utexas.edu>
Date:   Thu Mar 23 12:04:58 2017 -0500

    Changed keys in models.py to have underscores, also updated their default parameters for iterables from None to empty tuples

commit d8c359199980de62df7012653a9228f1508c8a6b
Author: Scott Farrior <farrior@cs.utexas.edu>
Date:   Thu Mar 23 11:48:30 2017 -0500

    Added module docstring, ran autopep8, made pylint stop complaining

commit ff0a4720d817ade94293a9cd8742ac129896522d
Author: david Ares <dares23@cs.utexas.edu>
Date:   Thu Mar 23 11:39:08 2017 -0500

    variablized html template for two models

commit ef099eebc58de3cf8d9056a23453b06095a5bcbe
Merge: 72773fc 0ab6c19
Author: david Ares <dares23@cs.utexas.edu>
Date:   Thu Mar 23 11:08:30 2017 -0500

    merge conflicts

commit 72773fcb7775120e919bac8fdaed893f562a4ca9
Author: david Ares <dares23@cs.utexas.edu>
Date:   Thu Mar 23 10:59:27 2017 -0500

    created grid htmls for each model type - no css yet

commit 2022179129df0655147d3df19918849871150cca
Author: david Ares <dares23@cs.utexas.edu>
Date:   Wed Mar 22 15:45:51 2017 -0500

    changed table to grid

commit ab3a55893b61026788ce74317eab68c3f929ae28
Author: Scott Farrior <farrior@cs.utexas.edu>
Date:   Wed Mar 22 13:57:20 2017 -0500

    Adds sqlalchemy to travis.yml

commit a88929a26b8106ddebb8fa6af598adb5995c2683
Author: Gustavo Osorio <lpztavo@yahoo.com>
Date:   Wed Mar 22 03:46:37 2017 -0500

    Added 12 test cases for models

commit 2f988011cb4dc3036f8a965298c7137032532e7f
Author: Taben Malik <tabenjmalik@gmail.com>
Date:   Wed Mar 22 00:33:45 2017 -0500

    Hot fix for satellite json data format

commit 792e1821183181809ec2724bdaa0ab7224c2fc5f
Author: Taben Malik <tabenjmalik@gmail.com>
Date:   Wed Mar 22 00:20:38 2017 -0500

    Added 3 satellite instances and photos

commit 371ca6fa86d07101c8c55fa8e1a41fa549b4fb0f
Author: Taben Malik <tabenjmalik@gmail.com>
Date:   Tue Mar 21 23:57:24 2017 -0500

    Added 3 galaxy instances

commit 4fff77546bff1ba59fbb41595686be4ffb7ce784
Author: Taben Malik <tabenjmalik@gmail.com>
Date:   Tue Mar 21 21:06:52 2017 -0500

    Added photos for stars and planets

commit 2e0683aaa32bffdf3942eb2754cb36751407438b
Author: Scott Farrior <farrior@cs.utexas.edu>
Date:   Tue Mar 21 19:27:58 2017 -0500

    Adds the model for planetoid bodies

commit 4841e4c40d3b369b74299ddd98f0e352fb5199b1
Author: tabenmalik <tabenjmalik@gmail.com>
Date:   Tue Mar 21 18:48:05 2017 -0500

    Created 3 instances of stars and planets

commit 46dba32211bf3eda9b3451317a74c1d36992ee47
Author: Scott Farrior <farrior@cs.utexas.edu>
Date:   Tue Mar 21 17:11:24 2017 -0500

    Adds the model for galaxies

commit d8a8655062fd8493757c353e71e37a185dc35728
Author: Scott Farrior <farrior@cs.utexas.edu>
Date:   Tue Mar 21 16:56:03 2017 -0500

    Updated stars and satellites to match Taben's changes

commit b686d4877a46db9dc49b6852037d374fa5c31a49
Author: Taben Malik <tabenjmalik@gmail.com>
Date:   Tue Mar 21 09:14:23 2017 -0500

    Exoplanet archive script. Some attributes need to be calculated

commit 6fdfc6b4737a158030fa1ad6032f2c0e0280dc84
Merge: 404bda5 4de833e
Author: Nick Kantor <nick.kantor@utexas.edu>
Date:   Thu Mar 23 09:44:47 2017 -0500

    Merge branch 'develop' of https://github.com/samuelbraley/idb into develop

commit 404bda5854f1113f07985c7c4ebb147e38ab4199
Author: Nick Kantor <nick.kantor@utexas.edu>
Date:   Thu Mar 23 09:44:32 2017 -0500

    Updated the technical report and my bio.

commit 4de833ee3010e5d32bb464a76b088e108e6c86e5
Author: Gustavo Osorio <lpztavo@yahoo.com>
Date:   Thu Mar 23 05:24:45 2017 -0500

    Added bio and updated UML

commit b36029570b792239ce895f6d589edfba22dcc6e5
Author: Gustavo Osorio <lpztavo@yahoo.com>
Date:   Thu Mar 23 02:10:27 2017 -0500

    Added comments closes #7

commit 2267cb36dfc118b3f9225b64a49389a4036ace5d
Author: Scott Farrior <farrior@cs.utexas.edu>
Date:   Thu Mar 23 01:11:28 2017 -0500

    Added comments to models.py for pydoc

commit c8d9c4ead1cdf34b38a922e846f61cac82b325e2
Author: Gustavo Osorio <lpztavo@yahoo.com>
Date:   Thu Mar 23 00:35:37 2017 -0500

    Changed tests  dictionary()

commit af03c6ca15252061788b744f7743684e95ca4c3f
Author: Nick Kantor <nick.kantor@utexas.edu>
Date:   Wed Mar 22 23:54:03 2017 -0500

    Changed the Carousel and finished the design of the about page, including embeding the technical report.

commit c953c97a13ef7b37b9b1308f683b57c542a4c6e7
Author: Nick Kantor <nick.kantor@utexas.edu>
Date:   Wed Mar 22 23:43:56 2017 -0500

    Adding the technical report for embeding purposes.

commit 7ba6d1df66973a6138586777c9e39cf2c11ce3c3
Merge: 82440d6 5685e40
Author: Nick Kantor <nick.kantor@utexas.edu>
Date:   Wed Mar 22 23:43:03 2017 -0500

    Resolving merge conflict.

commit 5685e409b90436fa44f81ecffa920f20f342102a
Author: Scott Farrior <farrior@utexas.edu>
Date:   Wed Mar 22 23:37:25 2017 -0500

    Adding the UML pdf before we forget

commit 82440d6be4b4a374f14c4743e5c707ec4749287b
Merge: 01c4880 35f2bcb
Author: Nick Kantor <nick.kantor@utexas.edu>
Date:   Wed Mar 22 23:36:55 2017 -0500

    Merge branch 'develop' of https://github.com/samuelbraley/idb into develop

commit 01c48801869bc43e6ff60e13aea2014e4d689585
Author: Nick Kantor <nick.kantor@utexas.edu>
Date:   Wed Mar 22 23:36:41 2017 -0500

    Added the technical report so I can embed it.

commit 35f2bcb5e83b84e4fb15cd79d9f895eeb7fe55ca
Merge: ac9b705 691d053
Author: Gustavo Osorio <lpztavo@yahoo.com>
Date:   Wed Mar 22 20:23:17 2017 -0500

    Merge branch 'develop' of https://github.com/samuelbraley/idb into develop

commit ac9b70521c5da8a58c4ab92eff80acaf41e0a84a
Author: Gustavo Osorio <lpztavo@yahoo.com>
Date:   Wed Mar 22 20:22:18 2017 -0500

    Fixed some pylint errors on test.py

commit 691d0539fd9c304bdc8e1d133b6d5842ee61b8c7
Author: Scott Farrior <farrior@cs.utexas.edu>
Date:   Wed Mar 22 19:23:57 2017 -0500

    Changes __repr__() to dictionary() in models.py

commit d8e042367413fdadb8e168394b5bff2e7f1fd10e
Author: Nick Kantor <nick.kantor@utexas.edu>
Date:   Wed Mar 22 16:25:31 2017 -0500

    Resolved merge.

commit b4cdb217c507538f385bbe054a893eb13f05c1aa
Merge: d5b18b8 5228962
Author: Nick Kantor <nick.kantor@utexas.edu>
Date:   Wed Mar 22 16:23:22 2017 -0500

    Merge branch 'develop' of https://github.com/samuelbraley/idb into develop

commit d5b18b868f1f0e61e39fbfac505101755c3dbf96
Author: Nick Kantor <nick.kantor@utexas.edu>
Date:   Wed Mar 22 16:23:17 2017 -0500

    Fixed the carousel and the about page.

commit 0ab6c193f5803581a0343214632f10e4bfa9e4c3
Author: david Ares <dares23@cs.utexas.edu>
Date:   Wed Mar 22 15:45:51 2017 -0500

    changed table to grid

commit 7bc42ecae8cc6889279b17fac30ef46ce87e79a1
Author: Space Cowboys <spacecowboys373@gmail.com>
Date:   Wed Mar 22 15:43:23 2017 -0500

    added attributes for all models

commit 6e970f12ecd60f5397c9ce1142b8058fa26f2cea
Author: Space Cowboys <spacecowboys373@gmail.com>
Date:   Wed Mar 22 15:31:17 2017 -0500

    tiny update

commit d912dda3fba25d037df3b0645fbbfa904f4c9fe3
Author: Space Cowboys <spacecowboys373@gmail.com>
Date:   Wed Mar 22 15:28:48 2017 -0500

    More API documentation updates

commit 522896223162d6209df7cc1ded873c4264b7f534
Author: Scott Farrior <farrior@cs.utexas.edu>
Date:   Wed Mar 22 14:55:17 2017 -0500

    Updates models to match json and makes pylint not complain so much

commit da081cf457371b8d6ee7268a0c45bc2a0273bf7f
Author: Space Cowboys <spacecowboys373@gmail.com>
Date:   Wed Mar 22 14:11:28 2017 -0500

    Updated API documentation

commit 3bf071759867b072418eaed23ee13b0094a81c63
Merge: f9ed2b0 84b6c3e
Author: Scott Farrior <farrior@cs.utexas.edu>
Date:   Wed Mar 22 13:57:41 2017 -0500

    Merge branch 'develop' of https://github.com/samuelbraley/idb into develop

commit f9ed2b01393029f1028823a85fa84c0c4597ad57
Author: Scott Farrior <farrior@cs.utexas.edu>
Date:   Wed Mar 22 13:57:20 2017 -0500

    Adds sqlalchemy to travis.yml

commit 84b6c3e9e17425a17a927cd92163c6cf136251f8
Merge: 7e43684 3ad6336
Author: tabenmalik <tabenjmalik@gmail.com>
Date:   Wed Mar 22 12:48:45 2017 -0500

    Merge branch 'develop' of https://github.com/samuelbraley/idb into develop-taben-models

commit 7e43684e3ae546e8fc207561e47c7f1694a5460f
Merge: 6f4d06d 92bf3b2
Author: tabenmalik <tabenjmalik@gmail.com>
Date:   Wed Mar 22 12:47:04 2017 -0500

    Merge branch 'develop-taben-models' of https://github.com/samuelbraley/idb into develop-taben-models

commit 3ad63368d293a68d75a409fc6f0433e1d2ecee0c
Author: Gustavo Osorio <lpztavo@yahoo.com>
Date:   Wed Mar 22 03:46:37 2017 -0500

    Added 12 test cases for models

commit 92bf3b226c3c78c70722a78bc6f0ade008694f5b
Author: Taben Malik <tabenjmalik@gmail.com>
Date:   Wed Mar 22 00:33:45 2017 -0500

    Hot fix for satellite json data format

commit 1b573990de397c6884fced6a6c05fda99099d525
Author: Space Cowboys <spacecowboys373@gmail.com>
Date:   Wed Mar 22 00:32:57 2017 -0500

    additional push

commit bcd2caae5cb9c07c6f4dda7a2546c2de80b072c3
Author: Space Cowboys <spacecowboys373@gmail.com>
Date:   Wed Mar 22 00:32:00 2017 -0500

    Added satellite example API calls

commit c9988a222b82e0aca4e77322ee5cea8212ad7d4e
Author: Taben Malik <tabenjmalik@gmail.com>
Date:   Wed Mar 22 00:20:38 2017 -0500

    Added 3 satellite instances and photos

commit da7c67bb6f5f6417d0e43e47e9bbd498d4be3a69
Author: Space Cowboys <spacecowboys373@gmail.com>
Date:   Wed Mar 22 00:10:57 2017 -0500

    Transferring API Description file from Apiary.io - added API examples for everything except satellites

commit 7ff4a388e2358752a693d41617ca1c993a8aa204
Author: Taben Malik <tabenjmalik@gmail.com>
Date:   Tue Mar 21 23:57:24 2017 -0500

    Added 3 galaxy instances

commit 0fde120fe1c2a0790db0596b8177541c39d38747
Author: Taben Malik <tabenjmalik@gmail.com>
Date:   Tue Mar 21 21:06:52 2017 -0500

    Added photos for stars and planets

commit cfe8f47b2f46a91ebf0023178ce202f15ebfbeb9
Author: Scott Farrior <farrior@cs.utexas.edu>
Date:   Tue Mar 21 19:27:58 2017 -0500

    Adds the model for planetoid bodies

commit 6f4d06dcf91853dfd0d930e8d9189737a4488fa4
Merge: 631ad3b a497180
Author: tabenmalik <tabenjmalik@gmail.com>
Date:   Tue Mar 21 18:52:57 2017 -0500

    Merge branch 'develop' of https://github.com/samuelbraley/idb into develop-taben-models

commit 631ad3b557fc7d3c56f54b96df204ad539b81293
Author: tabenmalik <tabenjmalik@gmail.com>
Date:   Tue Mar 21 18:48:05 2017 -0500

    Created 3 instances of stars and planets

commit a497180859da229bf36c662170384084a04f6d65
Author: Scott Farrior <farrior@cs.utexas.edu>
Date:   Tue Mar 21 17:11:24 2017 -0500

    Adds the model for galaxies

commit 12f73327d51ca9e16260fe559b77b0aad921447d
Merge: cfac3ab 8783647
Author: Scott Farrior <farrior@cs.utexas.edu>
Date:   Tue Mar 21 17:10:45 2017 -0500

    Merge branch 'develop' of https://github.com/samuelbraley/idb into develop

commit 8783647fdc9b68170d38dd4c6ce1ab4670ee5766
Author: tabenmalik <tabenjmalik@gmail.com>
Date:   Tue Mar 21 17:00:24 2017 -0500

    Added taben's bio

commit cfac3ab57aa6fc638810afdb3c090b2c5b75e1fc
Author: Scott Farrior <farrior@cs.utexas.edu>
Date:   Tue Mar 21 16:56:03 2017 -0500

    Updated stars and satellites to match Taben's changes

commit 3bb238f1d718d8cd4939d44d74a1126b67d7108e
Author: Scott Farrior <farrior@cs.utexas.edu>
Date:   Tue Mar 21 14:13:52 2017 -0500

    Updates satellite and adds star to models

commit 22e113f2361dcea9018672ae9a7ae6cc1cd499ee
Author: Scott Farrior <farrior@cs.utexas.edu>
Date:   Tue Mar 21 12:16:56 2017 -0500

    Adds the model for satellites

commit 538e93887435b675eb144bf5a89c8e6ace5878ce
Author: Scott Farrior <farrior@cs.utexas.edu>
Date:   Tue Mar 21 10:16:28 2017 -0500

    Adds sqlalchemy to the required pip packages

commit 74ccd4068bc7b0deda59a93bfab8fd53e2f1c3a4
Author: Taben Malik <tabenjmalik@gmail.com>
Date:   Tue Mar 21 09:14:23 2017 -0500

    Exoplanet archive script. Some attributes need to be calculated

commit 2d9c1ddad455d34fc12bc547349f07e768a5aac7
Author: Nick Kantor <nick.kantor@utexas.edu>
Date:   Mon Mar 20 23:04:41 2017 -0500

    Modified the about page. Not quite done though.

commit 26013d763a7ffef4f31aebd767b57c8576f5403a
Author: Nick Kantor <nick.kantor@utexas.edu>
Date:   Mon Mar 20 16:45:38 2017 -0500

    Updated the makefile and cleaned up the code.

commit 7b066cda6f7da916126438a757cc101eb2d0b544
Author: Scott Farrior <farrior@cs.utexas.edu>
Date:   Mon Mar 20 13:32:53 2017 -0500

    Adds files required to run our app on GCP appengine

commit 7ae97999adf578c342658999f61db497025db28f
Merge: 36ea0b7 262a22c
Author: David Ares <davidares7@gmail.com>
Date:   Mon Mar 20 13:26:04 2017 -0500

    Merge pull request #19 from samuelbraley/dev
    
    Dev

commit 36ea0b7b23f63b339e946a694db67ce0b4287c3d
Author: Space Cowboys <spacecowboys373@gmail.com>
Date:   Mon Mar 20 12:12:41 2017 -0500

    hello world commit for apiary integration

commit 262a22c9fe21f23f513aaae2f6d0e01c38398adf
Author: Nick Kantor <nick.kantor@utexas.edu>
Date:   Sun Mar 19 23:44:54 2017 -0500

    Added the splash carousel.

commit 9a650a499f3bf2a8c040b612b0b0a61bb4f97399
Author: david Ares <dares23@cs.utexas.edu>
Date:   Sun Mar 19 15:27:26 2017 -0500

    added about.html and link to it in nav bar

commit ba4c5288ab90e435df76dc501e0ed063b482f7a8
Author: Nick Kantor <nick.kantor@utexas.edu>
Date:   Sun Mar 19 02:01:31 2017 -0500

    Added bootstrap and made it look a little nicer.

commit 85111a29485cad4281b3f0ec2ea5bcf55ae20bd2
Author: david Ares <dares23@cs.utexas.edu>
Date:   Sat Mar 18 18:14:30 2017 -0500

    added html temple to render tables for each model

commit 9fb13f220902b58c18d45dfff64db06400fea6b0
Author: Nick Kantor <nick.kantor@utexas.edu>
Date:   Sun Mar 12 20:34:11 2017 -0500

    Base commit. Hello world flask app.

commit 78916a59dd3eea8138c6bcf112866e26d214c60c
Author: Samuel Braley <samuelbraley@users.noreply.github.com>
Date:   Fri Mar 10 12:27:11 2017 -0600

    Initial commit
