commit 2200cc3e76552326ebb925936f9969c33c1025da
Merge: 6b1081a 7e83a21
Author: Taben <tabenjmalik@gmail.com>
Date:   Thu Apr 20 21:02:47 2017 -0500

    Merge pull request #93 from samuelbraley/develop
    
    Develop

commit 7e83a213193085e781aac82a0f7c10a01f5ef03b
Merge: fb17079 cba7617
Author: Nick <nick.kantor@utexas.edu>
Date:   Thu Apr 20 20:53:14 2017 -0500

    Merge branch 'develop' of https://github.com/samuelbraley/idb into develop

commit fb17079ce80ffb5b44c0d44b559080a712948953
Author: Nick <nick.kantor@utexas.edu>
Date:   Thu Apr 20 20:52:44 2017 -0500

    Minor update to report.

commit cba761749877b87d8c5ecf4ffa5318a991313ff1
Merge: 7a1ccd1 fb4b4da
Author: Scott Farrior <farrior@utexas.edu>
Date:   Thu Apr 20 20:50:04 2017 -0500

    Merge branch 'develop' of https://github.com/samuelbraley/idb into develop

commit 7a1ccd1c59410642355f13df0b035cac41b0e4b6
Author: Scott Farrior <farrior@utexas.edu>
Date:   Thu Apr 20 20:49:44 2017 -0500

    Fixed more pylint things

commit fb4b4dae8d68526414ce680bbe437c3985f5ce30
Author: tabenmalik <tabenjmalik@gmail.com>
Date:   Thu Apr 20 20:44:51 2017 -0500

    Pydoc models

commit 2e44a5750f7a75ba2536eca50cfc0eff14d3e4d9
Author: Samuel Braley <samuelbraley@users.noreply.github.com>
Date:   Thu Apr 20 20:44:21 2017 -0500

    Updated report with the latest information

commit 6e05f4f5dde8021114b22e1cfac002e04f8d5c25
Author: Scott Farrior <farrior@utexas.edu>
Date:   Thu Apr 20 20:42:33 2017 -0500

    Makes the makefile a bit more useful, cleans things up for pylint

commit f1c0b3afabd26f1ec4405d1f1bd9c07d4da6396e
Author: Taben Malik <tabenjmalik@gmail.com>
Date:   Thu Apr 20 20:19:52 2017 -0500

    Format everything

commit fef7d9f35649adafb5fdc614b93b5740185f9cd4
Author: Nick <nick.kantor@utexas.edu>
Date:   Thu Apr 20 20:15:27 2017 -0500

    presentation now displays.

commit 9336cf545c6706800dd447f040c654a5110b1367
Merge: 2d4f415 00f38d8
Author: Taben Malik <tabenjmalik@gmail.com>
Date:   Thu Apr 20 20:10:20 2017 -0500

    Merge branch 'develop' of https://github.com/samuelbraley/idb into develop

commit 2d4f4153571ea85a0e4d85827b986f1cf3598c97
Author: Taben Malik <tabenjmalik@gmail.com>
Date:   Thu Apr 20 20:09:18 2017 -0500

    Added link to powerpoint

commit 00f38d875b868967134c69cf1ef60565f1244356
Merge: 4ccb414 c05cfd3
Author: Nick Kantor <njk464@users.noreply.github.com>
Date:   Thu Apr 20 20:05:37 2017 -0500

    Merge pull request #92 from samuelbraley/nick-d3
    
    Nick d3

commit c05cfd3710d7844c13a2c7e5dc89e8afc286639a
Merge: 48ea598 4ccb414
Author: Nick Kantor <njk464@users.noreply.github.com>
Date:   Thu Apr 20 20:03:04 2017 -0500

    Merge branch 'develop' into nick-d3

commit 48ea598eb63bc1ce0440a2f1a0369a4fc1db7c73
Merge: b347f73 d5704d4
Author: Nick <nick.kantor@utexas.edu>
Date:   Thu Apr 20 19:59:15 2017 -0500

    Finished the visualization.

commit b347f7313dbfeebc5ddac237ad8000dea3e3d5cc
Author: Nick <nick.kantor@utexas.edu>
Date:   Thu Apr 20 19:35:21 2017 -0500

    Merge issues.

commit 4ccb41481b5f933f40118c582bd12b9ce9637f6c
Author:  <gustavo.osorio@utexas.edu>
Date:   Thu Apr 20 19:30:55 2017 -0500

    Added string attributes for search to UML

commit d5704d443fc2f7627963c3c165608c54ee519154
Author: Taben Malik <tabenjmalik@gmail.com>
Date:   Thu Apr 20 19:20:51 2017 -0500

    Removed visualization dropdown

commit 7b7d3f7b497601f9cdee4c9d2a53c605e9945f11
Author: Scott Farrior <farrior@utexas.edu>
Date:   Thu Apr 20 19:15:19 2017 -0500

    Limits cors permissions somewhat

commit 515834bdcba149655fce817c463c79c98c99c4a7
Author: Taben Malik <tabenjmalik@gmail.com>
Date:   Thu Apr 20 18:16:20 2017 -0500

    Geomap circles change size depending on amount of concerts

commit 2c93a1460a8d57ba4dee229943a487a3747291de
Author: dares23 <davidares7@gmail.com>
Date:   Thu Apr 20 17:54:47 2017 -0500

    finished filtering

commit 1dff7e5f9a5e027c824856a6b5126f3afe215038
Merge: 9c395fe 7bebda1
Author: Scott Farrior <farrior@utexas.edu>
Date:   Thu Apr 20 17:52:42 2017 -0500

    Merge pull request #90 from samuelbraley/cors
    
    Adds CORS support

commit 9c395feaa5f1de68c2a649490d9d480d0a206afe
Author: Nick <nick.kantor@utexas.edu>
Date:   Thu Apr 20 17:20:59 2017 -0500

    Cleaning up the website.

commit 22f03b63439ac93ec2f3b252d23d0e2f4a5386db
Author: Nick <nick.kantor@utexas.edu>
Date:   Thu Apr 20 16:50:18 2017 -0500

    Changed the mobile view.

commit 8dbb6ddf527e509618ffaa42f323d8429b41b4ab
Author: Nick <nick.kantor@utexas.edu>
Date:   Thu Apr 20 16:45:32 2017 -0500

    Added the milky way page and units are no longer highlighted.

commit 7bebda187c1856991205db68d87f44981af859c0
Author: Scott Farrior <farrior@utexas.edu>
Date:   Thu Apr 20 16:06:49 2017 -0500

    Adds CORS support

commit 48473c5e45bfa23fe3741c72cd94197a210356c1
Author: Taben Malik <tabenjmalik@gmail.com>
Date:   Thu Apr 20 14:49:19 2017 -0500

    Puts markers ontop of geo map

commit a7195a5fbd9488ce1c6af7fc2929b1b00bd0d356
Author: Taben Malik <tabenjmalik@gmail.com>
Date:   Thu Apr 20 13:55:50 2017 -0500

    Fixed bug in apiary call

commit c4e606f7c76a2e3998f6b986d20246a1b10b6fb9
Author:  <gustavo.osorio@utexas.edu>
Date:   Thu Apr 20 04:38:26 2017 -0500

    Moved .coveragerc back to correct location

commit 61098fdedf301c7f31d6ac2045fe5f48bb2c59f6
Author:  <gustavo.osorio@utexas.edu>
Date:   Thu Apr 20 04:33:25 2017 -0500

    Reverted changes to makefile

commit fb13c21d62452b7005e4c6a3bd75047e8fcb73fa
Author:  <gustavo.osorio@utexas.edu>
Date:   Thu Apr 20 04:26:28 2017 -0500

    Added tests to increase idb.py coverage.

commit 910052c4400a4e8c860647442cbe2498f06069a2
Author:  <gustavo.osorio@utexas.edu>
Date:   Thu Apr 20 04:25:02 2017 -0500

    Added image model and model_type() method to UML

commit e01d5fa8ef94dca1918a14e81e017f82ed431a3c
Merge: c1b6cc6 e22aed3
Author: Scott Farrior <farrior@utexas.edu>
Date:   Thu Apr 20 00:58:52 2017 -0500

    Merge pull request #89 from samuelbraley/scott-bg
    
    Merge new background for the website

commit e22aed388bbba21f262a24f586529215680cd7ea
Author: Scott Farrior <farrior@utexas.edu>
Date:   Thu Apr 20 00:57:03 2017 -0500

    Changes bg from absolute to fixed

commit 7f82a5d99e8e209b5689aa6f37e8e078c21edd5c
Author: Nick <nick.kantor@utexas.edu>
Date:   Thu Apr 20 00:25:25 2017 -0500

    World map works. Just have to add minor fixes.

commit 509114b30be2c238464a45faea86e3c858f7c541
Author: Scott Farrior <farrior@utexas.edu>
Date:   Wed Apr 19 23:41:50 2017 -0500

    Updated bg

commit 30138d67b953db80d9db7289149ba7414e0606f6
Author: Scott Farrior <farrior@utexas.edu>
Date:   Wed Apr 19 23:17:53 2017 -0500

    Changes the background

commit c1b6cc60efacdc6371e243b31265da8659671423
Author: Nick <nick.kantor@utexas.edu>
Date:   Wed Apr 19 22:44:46 2017 -0500

    Reverted the search grid

commit 05e01c37be999ab08ef5c91f34451bee0c4f9ee6
Author: Nick <nick.kantor@utexas.edu>
Date:   Wed Apr 19 22:31:47 2017 -0500

    All d3 scripts now run and are able to be switched to.

commit 5c693b0338c3c224b6cf6075b7c553307daf9fc5
Author: Nick <nick.kantor@utexas.edu>
Date:   Wed Apr 19 21:28:23 2017 -0500

    Changed styling a little bit.

commit c0e95d0fc3df37e3c7e27bbb40149aa022fac01a
Author: Nick <nick.kantor@utexas.edu>
Date:   Wed Apr 19 21:13:13 2017 -0500

    Changed the way search results are shown.

commit 09110a11a90923ea8cff6e13a3c12ac209363fc8
Author: Samuel Braley <samuel.braley@utexas.edu>
Date:   Wed Apr 19 15:13:19 2017 -0500

    some progress on bubble chart vis

commit 672ea78ab6812dcc2d738387a264c6cdbd330d5f
Author: Samuel Braley <samuel.braley@utexas.edu>
Date:   Wed Apr 19 14:48:42 2017 -0500

    got data processing portion of bubble chart visualization

commit e08e68d68323122bbe819bec3492d498c69c9c51
Author: Nick <nick.kantor@utexas.edu>
Date:   Wed Apr 19 10:41:16 2017 -0500

    Fixed the problem where commit count was over 100.

commit 5b486b9a0f8713d59d3d08a8881f903bd70709aa
Author: Nick <nick.kantor@utexas.edu>
Date:   Wed Apr 19 10:36:30 2017 -0500

    Changed the font and mark background-color

commit 6b1081ae447c3e5c182a756c24c0c6247ea9feaf
Merge: 5b4a861 64ec1f1
Author: Scott Farrior <farrior@utexas.edu>
Date:   Wed Apr 19 10:19:43 2017 -0500

    Merge pull request #87 from samuelbraley/develop
    
    Merging develop in to master to test something for Nick

commit 64ec1f11d62bbdb2e9f68e6ebe53e26e3e3024a5
Author: Taben Malik <tabenjmalik@gmail.com>
Date:   Wed Apr 19 09:40:52 2017 -0500

    Added Restless and Whooshee to tools list

commit 1703a645aefefeef026d5dfdae09a20ca9aa4294
Author: Scott Farrior <farrior@utexas.edu>
Date:   Tue Apr 18 23:09:37 2017 -0500

    Removed a duplicate definition which was likely caused by a bad merge

commit 772ec973862409033e8bd5785ae67ba0857232a4
Merge: 01a08ab 8fe87ce
Author: Nick <nick.kantor@utexas.edu>
Date:   Tue Apr 18 22:28:10 2017 -0500

    Resolving merge.

commit 01a08abd27dfdeba1a2c47f23e69720e7dff7b1f
Author: Nick <nick.kantor@utexas.edu>
Date:   Tue Apr 18 22:24:11 2017 -0500

    Fixed a werid multi-line issue with the grid.

commit 8fe87ce16ca77ea092dabc170d55d3213acbc387
Merge: f1619da cebd325
Author: Nick Kantor <njk464@users.noreply.github.com>
Date:   Tue Apr 18 22:13:08 2017 -0500

    Merge pull request #86 from samuelbraley/issue-83
    
    Issue 83

commit cebd3250cf9969076679a3d059752b7d6dac1a0c
Author: Nick <nick.kantor@utexas.edu>
Date:   Tue Apr 18 22:06:31 2017 -0500

    fixed the issue.

commit f1619da55fc1c04458248d46ffad7d9f1a93d37c
Author: Taben Malik <tabenjmalik@gmail.com>
Date:   Tue Apr 18 22:05:37 2017 -0500

    Update apiary with new models and search for #64

commit f5e011b00fec0a8e49312fa3d8e94f851267c324
Author: Nick <nick.kantor@utexas.edu>
Date:   Tue Apr 18 21:42:12 2017 -0500

    Frontend search stuff is done.

commit 364dabb26067c872398e2a807316514d1bbd1b19
Merge: bf98ad4 bd55479
Author: Nick <nick.kantor@utexas.edu>
Date:   Tue Apr 18 21:29:35 2017 -0500

    Merge branch 'develop' of https://github.com/samuelbraley/idb into develop

commit bd554798fd667f8b3f6d443713a9392facae3938
Merge: f0dcb85 ab87400
Author:  <gustavo.osorio@utexas.edu>
Date:   Tue Apr 18 18:35:27 2017 -0500

    Merge branch 'develop' of https://github.com/samuelbraley/idb into develop

commit f0dcb852c03f4e505d333a1a65aca951f8925f7a
Author:  <gustavo.osorio@utexas.edu>
Date:   Tue Apr 18 18:31:58 2017 -0500

    Fixed tests to work with new models.

commit 1b7f109f74ce68cccec9785872a391596a2174fa
Author: Taben Malik <tabenjmalik@gmail.com>
Date:   Tue Apr 18 17:48:14 2017 -0500

    Possible defualt image solution

commit ab87400a088ee2ad98324a6dae5af312b324e855
Author: Scott Farrior <farrior@utexas.edu>
Date:   Tue Apr 18 17:48:08 2017 -0500

    Fixed some minor grammar issues

commit 3f4caf8e9686fe0dc520040e3a7e2e540dfebc8c
Author: Taben Malik <tabenjmalik@gmail.com>
Date:   Tue Apr 18 17:18:53 2017 -0500

    Fixed broken links

commit c7082bd05cffa25c1b21c4c41a18455ee5caea83
Author: Taben Malik <tabenjmalik@gmail.com>
Date:   Tue Apr 18 17:18:35 2017 -0500

    Fixes missing satellite images

commit 5172c4043bfd4b5879be9e078e93ae0377c81d42
Author: Scott Farrior <farrior@utexas.edu>
Date:   Tue Apr 18 17:09:09 2017 -0500

    Adds units to planets in our solar system

commit 19960113c8682838d1baf690956e434f92cdc3dc
Author: Scott Farrior <farrior@utexas.edu>
Date:   Tue Apr 18 17:07:54 2017 -0500

    Fixes issue where the website would attempt to load the sun as a planet

commit 7aa2f5c93b00eb089b6d486de819ae4e20248c5e
Author: Scott Farrior <farrior@utexas.edu>
Date:   Tue Apr 18 16:57:07 2017 -0500

    Angel tears

commit 15b12b36fc449cbd8aa7f7ce226197e27994d359
Author: Taben Malik <tabenjmalik@gmail.com>
Date:   Tue Apr 18 16:30:55 2017 -0500

    Formatted idb

commit fceeab052b24264b826431cd4b5e098058a6e2a5
Author: Taben Malik <tabenjmalik@gmail.com>
Date:   Tue Apr 18 16:13:32 2017 -0500

    Added Maven and Juno

commit 5868688bfe0e55a148f81a3e19fb6e283290b9c0
Author: Taben Malik <tabenjmalik@gmail.com>
Date:   Tue Apr 18 15:48:23 2017 -0500

    Added routing for solar system planets

commit 751c6fb51026f354c62877328f31ed12cb698310
Author: Taben Malik <tabenjmalik@gmail.com>
Date:   Tue Apr 18 15:20:54 2017 -0500

    Added Pluto cause screw the scientific community

commit ea2f898eecf2d048355d4098812d750bca123428
Author: Taben Malik <tabenjmalik@gmail.com>
Date:   Tue Apr 18 15:13:41 2017 -0500

    Added Uranus and Neptune

commit b79ffdf2a56cbc12f40f900a1ed2b22bf7ff8674
Author: Taben Malik <tabenjmalik@gmail.com>
Date:   Tue Apr 18 14:58:21 2017 -0500

    Added Saturn

commit bf98ad4ae3f75d5d0758e8b51e48732501d7bfb8
Merge: 4db2e3c cf7eb3b
Author: Nick <nick.kantor@utexas.edu>
Date:   Tue Apr 18 14:56:26 2017 -0500

    Merge branch 'develop' of https://github.com/samuelbraley/idb into develop

commit 70e5b4a58661b49fcf0b118bb1b6bb97f013c78e
Author: Taben Malik <tabenjmalik@gmail.com>
Date:   Tue Apr 18 14:46:36 2017 -0500

    Added Mars

commit 9e9c7418ee1fd951629bb1203b92d41771e838be
Author: Taben Malik <tabenjmalik@gmail.com>
Date:   Tue Apr 18 14:39:26 2017 -0500

    Added Venus

commit f7db48222f3b0b156e7190b1c9f15a031458508c
Merge: 32d5ae6 8d8ebed
Author: Taben Malik <tabenjmalik@gmail.com>
Date:   Tue Apr 18 14:31:29 2017 -0500

    Rebased off develop

commit 32d5ae655da3db617903318ace829150b8bf890a
Author: Taben Malik <tabenjmalik@gmail.com>
Date:   Tue Apr 18 14:25:16 2017 -0500

    Added Mercury

commit 383907fd67c3c9ac5fdc636a1f011e26a564ba14
Author: Taben Malik <tabenjmalik@gmail.com>
Date:   Tue Apr 18 14:13:23 2017 -0500

    Ignoring scraped data

commit 21f750c55e2a26da0534abdefa9dc0557a0ae821
Author: Taben Malik <tabenjmalik@gmail.com>
Date:   Tue Apr 18 13:58:58 2017 -0500

    Added Jupiter

commit 4db2e3c3082198464fe593ce4cf995edd198b1e2
Author: Nick <nick.kantor@utexas.edu>
Date:   Tue Apr 18 14:25:34 2017 -0500

    Started with the d3 stuff.

commit cf7eb3b9d832b7f3348d0131f541e5d823a44304
Merge: 1fff927 41debda
Author: Scott Farrior <farrior@utexas.edu>
Date:   Tue Apr 18 14:07:39 2017 -0500

    Merge pull request #85 from samuelbraley/scott-search
    
    Merging backend conjunction/disjunction search

commit 8d8ebed67aaf355e34f42edc82fa8d289dc2f9f9
Author: Taben Malik <tabenjmalik@gmail.com>
Date:   Tue Apr 18 13:58:58 2017 -0500

    Added Jupiter

commit 41debdaabdf4a535cce35a88749c8bbc26c23109
Author: Scott Farrior <farrior@utexas.edu>
Date:   Tue Apr 18 13:55:51 2017 -0500

    API now splits and and or results for multi-word search

commit 38d44dd7655a28dd834e3374f68f617b80d9ba97
Author:  <farrior@Midgard.localdomain>
Date:   Tue Apr 18 12:18:36 2017 -0500

    Moved search in to its own module

commit 1fff927320ed349cadd962337a24348ddb154410
Author: Taben Malik <tabenjmalik@gmail.com>
Date:   Mon Apr 17 18:02:18 2017 -0500

    Fixing Travis!

commit 9650e05eb186775ed1112a829afc019ebfab341f
Author: Taben Malik <tabenjmalik@gmail.com>
Date:   Mon Apr 17 17:58:52 2017 -0500

    Changed filenames from IDB1 to IDB3

commit 8bae1a6afdd61ac2aa566b882d2901ddfa44e492
Author: tabenmalik <tabenjmalik@gmail.com>
Date:   Mon Apr 17 17:51:14 2017 -0500

    Update pydoc for models.py

commit 0e98a8977815d38f82b4b5f46f98b69e59661e19
Author: Taben Malik <tabenjmalik@gmail.com>
Date:   Mon Apr 17 17:37:50 2017 -0500

    Update doc strings in models.py

commit 433faf2c867b3b6513c7180f9a8d8a8d724cd7d4
Author: Nick <nick.kantor@utexas.edu>
Date:   Mon Apr 17 16:59:45 2017 -0500

    Added units.

commit 5ca2fddd762f35e3804f20e92764e04a072ef34f
Author: Nick <nick.kantor@utexas.edu>
Date:   Mon Apr 17 16:29:27 2017 -0500

    Fixes #80

commit c63cc49a6c2e1136af1fe33d58040efad0cca4f6
Author: Nick <nick.kantor@utexas.edu>
Date:   Mon Apr 17 16:25:36 2017 -0500

    Added links to models within models.

commit 60b23549d07329c64eb5fe30a2472d05ed0d0200
Merge: 2bf3984 f9d34f4
Author: Scott Farrior <farrior@utexas.edu>
Date:   Mon Apr 17 14:18:15 2017 -0500

    Merge branch 'develop' of https://github.com/samuelbraley/idb into develop

commit 2bf398495bc761f95fba4249be901688be6c9b51
Author: Scott Farrior <farrior@utexas.edu>
Date:   Mon Apr 17 14:16:38 2017 -0500

    Fixes some apiary bugs/Updates the models

commit f9d34f44887e8306f28a71cbcf02698f06431ed6
Author: Nick <nick.kantor@utexas.edu>
Date:   Mon Apr 17 13:50:25 2017 -0500

    Fixed carousel problem with youtube links.

commit 6f410c18690f471087a183892d2cf28533ea18ff
Author: Nick <nick.kantor@utexas.edu>
Date:   Mon Apr 17 13:36:47 2017 -0500

    Highlighting now works!

commit 1cb4e35ee332da31c26698e95d2069f2a471146f
Author: Nick <nick.kantor@utexas.edu>
Date:   Sun Apr 16 23:24:58 2017 -0500

    fixed bottom page buttons.

commit 8acb9f81e473b64264abdfe8b6bc6bb200a1bae0
Merge: c4ebb47 7430dd1
Author: Scott Farrior <farrior@utexas.edu>
Date:   Sun Apr 16 22:03:36 2017 -0500

    Merge branch 'develop' of https://github.com/samuelbraley/idb into develop

commit 7430dd128d52ab8258e7fbf6491cb60101b44ea7
Merge: d56986f 89274a2
Author: Nick Kantor <njk464@users.noreply.github.com>
Date:   Sun Apr 16 22:03:23 2017 -0500

    Merge pull request #76 from samuelbraley/dev-persist-sort
    
    All sorting and filtering now persists.

commit c4ebb47dd0f520777c94fe8681930bed25076da6
Author: Scott Farrior <farrior@utexas.edu>
Date:   Sun Apr 16 21:59:22 2017 -0500

    Adds pid to galaxy's to_dict method

commit 89274a2d742e5d03cf68d884cedfade6358af16f
Author: Nick <nick.kantor@utexas.edu>
Date:   Sun Apr 16 21:40:23 2017 -0500

    All sorting and filtering now persists.

commit d56986f5c5d545a693944cc74a9a2bbb0fd7d5fb
Merge: f55a36d 2ad674e
Author: Nick Kantor <njk464@users.noreply.github.com>
Date:   Sun Apr 16 00:33:52 2017 -0500

    Merge pull request #74 from samuelbraley/dev-persist-sort
    
    paging now persists.

commit 2ad674e3308751278dd1baf9db779c3b0f6501b4
Author: Nick <nick.kantor@utexas.edu>
Date:   Sun Apr 16 00:29:34 2017 -0500

    paging now persists.

commit f55a36db001f92c4217d5a603427b54c258e97d3
Merge: cbac25d d54438a
Author: Scott Farrior <farrior@utexas.edu>
Date:   Sat Apr 15 23:25:52 2017 -0500

    Merge branch 'develop' of https://github.com/samuelbraley/idb into develop

commit cbac25df9ffeeb5096271d60a7d73975f5f8663a
Author: Scott Farrior <farrior@utexas.edu>
Date:   Sat Apr 15 23:25:38 2017 -0500

    Changes model_type to reflect the api endpoint

commit d54438a797c2e691ca4815908334f28ca4a0a09e
Author: Nick <nick.kantor@utexas.edu>
Date:   Sat Apr 15 23:01:35 2017 -0500

    Fixed https problem.

commit 4e2ab96e9fe18a0fb7fee8144365ba269e86cf13
Author: Nick <nick.kantor@utexas.edu>
Date:   Sat Apr 15 22:49:57 2017 -0500

    Images are now showing up.

commit 4ce29bb788f64689cc84e90921a3ac8beb67846b
Merge: 2ae6e69 875ffa2
Author: Nick <nick.kantor@utexas.edu>
Date:   Sat Apr 15 22:43:41 2017 -0500

    Merge branch 'develop' of https://github.com/samuelbraley/idb into develop

commit 2ae6e69ef8e23a745c49c0d3d5515507a99b96bb
Author: Nick <nick.kantor@utexas.edu>
Date:   Sat Apr 15 22:39:23 2017 -0500

    Fixes #68

commit 875ffa2bfb30ab88f570badf5e03bd8af9c5e596
Merge: 0499edf 582f94d
Author: Scott Farrior <farrior@utexas.edu>
Date:   Sat Apr 15 22:38:46 2017 -0500

    Merge pull request #72 from samuelbraley/dev-database
    
    Merging in dev-database

commit 582f94d9abba3372d98fc2735b952cc11d28bda5
Merge: d461903 0499edf
Author: Scott Farrior <farrior@utexas.edu>
Date:   Sat Apr 15 22:38:13 2017 -0500

    Merge branch 'develop' into dev-database

commit 0499edfa036de5df19c398e643ab4377ac90a505
Merge: c39878b 656667b
Author: Nick Kantor <njk464@users.noreply.github.com>
Date:   Sat Apr 15 22:23:57 2017 -0500

    Merge pull request #71 from samuelbraley/dev-frontend-search
    
    Dev frontend search

commit 656667b82e0c538a7a89348c3d5160cf39273f43
Author: Nick <nick.kantor@utexas.edu>
Date:   Sat Apr 15 22:10:45 2017 -0500

    Fixed a lot of styling issues.

commit d4619030f640488bc2bce867c8d7ebc11f818a19
Author: Scott Farrior <farrior@utexas.edu>
Date:   Sat Apr 15 18:30:39 2017 -0500

    Hides img_pid from all results

commit 15e844911d1b34d86d4c25efb9332a1afde5159e
Author: Nick <nick.kantor@utexas.edu>
Date:   Sat Apr 15 18:29:52 2017 -0500

    Finished frontend search features.

commit 21f93416d3710a5008641225470c366f1740d015
Author: Scott Farrior <farrior@utexas.edu>
Date:   Sat Apr 15 18:28:11 2017 -0500

    Makes search output much more like other api pages

commit 419a775414b6ebf7c673c5c9605096766ab86541
Author: Scott Farrior <farrior@utexas.edu>
Date:   Sat Apr 15 18:09:41 2017 -0500

    Adds pseudo column model_type to API

commit a628876dce32ede5933173b9dffa1eace93684df
Merge: 1281337 79b68ba
Author: Scott Farrior <farrior@utexas.edu>
Date:   Sat Apr 15 17:38:24 2017 -0500

    Merge pull request #69 from samuelbraley/scott-database
    
    Merging database changes to database development branch

commit 79b68baddfad21ef88d1e1fd32e4e1edee8fde33
Author: Scott Farrior <farrior@utexas.edu>
Date:   Sat Apr 15 17:15:52 2017 -0500

    Fixes a few null field bugs

commit 7a94c6951678af26b0717fdd0fe7dbe1f356ec3b
Author: Scott Farrior <farrior@utexas.edu>
Date:   Sat Apr 15 17:07:14 2017 -0500

    Set the rest API to not display new string columns

commit 0cb8fd0b373c5c9a329e0ff931975d878eded679
Author: Scott Farrior <farrior@utexas.edu>
Date:   Sat Apr 15 16:25:46 2017 -0500

    Stars and Galaxies updated for fix

commit b193326be368f8dc27daaf21bbd539dd46709a46
Author: Scott Farrior <farrior@utexas.edu>
Date:   Sat Apr 15 16:04:11 2017 -0500

    Satellite and Planet models updated for filter fix

commit 6b6c5bc0a8774ddf9cc694438a9d12e5607c2382
Author: Scott Farrior <farrior@utexas.edu>
Date:   Sat Apr 15 15:53:01 2017 -0500

    Removes redundant whooshee setting

commit b0dcfd2e476d74708fd7bf5b6b259c42c2d6203e
Author: Nick <nick.kantor@utexas.edu>
Date:   Sat Apr 15 11:12:51 2017 -0500

    Fixed issue with satellite images not showing up.

commit 1281337cf35a934225d52e6caa2629247462a43b
Author: Scott Farrior <farrior@utexas.edu>
Date:   Sat Apr 15 10:13:56 2017 -0500

    Removes a little debug code from patch_json and adds __init__.py to lib to fix import errors

commit cc7963346886947bd1da78a935538bf115ac3c7d
Author: Scott Farrior <farrior@utexas.edu>
Date:   Sat Apr 15 10:05:25 2017 -0500

    Fixes a bug in patch_json where pids would not be correct for satellites not in the patch file

commit a21fbae14ffc36ed576ff60bf07c5485c010c02b
Author: tabenmalik <tabenjmalik@gmail.com>
Date:   Sat Apr 15 09:30:52 2017 -0500

    Synchronizing data on dev-database

commit 315ca065c3a25a41b285df99aa3bf2678ec01c65
Merge: 4c1e339 c39878b
Author: tabenmalik <tabenjmalik@gmail.com>
Date:   Sat Apr 15 09:01:41 2017 -0500

    Merged develop into dev-dtabase

commit 4c1e339058e947a1f24e00337f05553632629434
Author: tabenmalik <tabenjmalik@gmail.com>
Date:   Sat Apr 15 08:48:12 2017 -0500

    Added back lib folder

commit c39878b10c2e24cbfaa721dac84713821e3ba16e
Merge: fb00e9a dae9f9c
Author: Scott Farrior <farrior@utexas.edu>
Date:   Sat Apr 15 02:45:51 2017 -0500

    Merge branch 'develop' of https://github.com/samuelbraley/idb into develop
    
    Conflicts:
            app/lib/__pycache__/helper.cpython-34.pyc

commit fb00e9a0d24c6a132f896aa62e7ca4a2b466fcaf
Author: Scott Farrior <farrior@utexas.edu>
Date:   Sat Apr 15 02:43:47 2017 -0500

    Updates requirements.txt to have a version number for Flask-
    Whooshee

commit fbafeca7a7b5ecdb0c2260862f7f74f21d6f7f11
Author: Scott Farrior <farrior@utexas.edu>
Date:   Sat Apr 15 02:43:05 2017 -0500

    Updates database.py to use whooshee with a live database

commit ce143ef2e63f128ea5c2d8cb5229ab5de0b51ee9
Author: Scott Farrior <farrior@utexas.edu>
Date:   Sat Apr 15 02:38:56 2017 -0500

    Adds database connectivity stuff back to app.yaml

commit f2d9530bb3bb095838a621ab02cbf3709911fd36
Author: Scott Farrior <farrior@utexas.edu>
Date:   Sat Apr 15 02:32:32 2017 -0500

    This thing nick added changed, so I guess I'll commit it.

commit c32f2f37bc12170271ecbcc20a3f2aa326c75d85
Author: Scott Farrior <farrior@utexas.edu>
Date:   Sat Apr 15 02:31:38 2017 -0500

    Removes two empty log.py files

commit c32143811ae5ff8537251235f3b9aa55cbdecb0a
Author: Nick <nick.kantor@utexas.edu>
Date:   Fri Apr 14 23:45:04 2017 -0500

    Added react code to handle new database model.

commit dae9f9c766d161a8fab8be871c9b5e9d24c70266
Author: Nick <nick.kantor@utexas.edu>
Date:   Fri Apr 14 22:12:27 2017 -0500

    Updated the .gitignore to ignore python cache files.

commit 216b0a1c792465c5fd4921fa90b060ab9f59f996
Merge: 9ec4523 fa3021a
Author: Nick <nick.kantor@utexas.edu>
Date:   Fri Apr 14 22:01:47 2017 -0500

    Merge branch 'develop' of https://github.com/samuelbraley/idb into develop

commit 9ec45230c2cb7ff83b147f74e89f81303d34f16a
Author: Nick <nick.kantor@utexas.edu>
Date:   Fri Apr 14 22:01:37 2017 -0500

    Fixed the commit count issue and made the test results look nicer.

commit fa3021a400e5c5c674e098a3da3922c627de9ce7
Author: tabenmalik <tabenjmalik@gmail.com>
Date:   Fri Apr 14 21:48:06 2017 -0500

    Re-re-compiled images and data

commit 7d01168d0475a070d2e8a913aaa28ddc3a191803
Merge: a752e9f ac418d4
Author: tabenmalik <tabenjmalik@gmail.com>
Date:   Fri Apr 14 21:18:53 2017 -0500

    Merge to local

commit a752e9f33c653277bafec8d7e19f2b3c35a82028
Author: tabenmalik <tabenjmalik@gmail.com>
Date:   Fri Apr 14 20:32:32 2017 -0500

    Made img scraper automatic

commit 9dd44235d14c9ac3f3f46d3c0cac89331af392a9
Author: tabenmalik <tabenjmalik@gmail.com>
Date:   Fri Apr 14 17:15:07 2017 -0500

    Removed Data folders. Data must be recompiled

commit 4487d8b598bb16bf5ed35b9cf02a3cdf295cb6f6
Author: tabenmalik <tabenjmalik@gmail.com>
Date:   Fri Apr 14 06:41:48 2017 -0500

    Added image for new planet and star

commit ad4217b1545f7c6d30fcc565955ad749db29d30c
Author: tabenmalik <tabenjmalik@gmail.com>
Date:   Fri Apr 14 00:07:31 2017 -0500

    Removed image api

commit c3fc7b997d3e3da58fc388378e2b685eb6d5a8ea
Author: tabenmalik <tabenjmalik@gmail.com>
Date:   Thu Apr 13 23:39:39 2017 -0500

    Removed data from repo

commit 554f869e9dd787dad3923dd44841e4d50494a118
Author: tabenmalik <tabenjmalik@gmail.com>
Date:   Thu Apr 13 23:34:49 2017 -0500

    Recommiting database changes

commit ac418d442a5da4905f7f23be6765eed31e58e8ae
Merge: 26eedfb a194442
Author: Scott Farrior <farrior@utexas.edu>
Date:   Thu Apr 13 23:22:26 2017 -0500

    Merge pull request #61 from samuelbraley/dev-search
    
    Merge API search functionality

commit a19444279a436f2c9a5bd1b5b0f39826332b63ac
Author: Scott Farrior <farrior@utexas.edu>
Date:   Thu Apr 13 20:53:29 2017 -0500

    Fixed some pylint issues

commit 779ded6e2e9f958b1bd1a8328f15d571e5197435
Author: Scott Farrior <farrior@utexas.edu>
Date:   Thu Apr 13 20:48:58 2017 -0500

    Adds AND capabilities to search

commit 06f21376c75c6d509d6384f82b6cae6d8acd58de
Author: Scott Farrior <farrior@utexas.edu>
Date:   Thu Apr 13 20:40:56 2017 -0500

    Removes img_url and adds type information to search JSON

commit 69a2718b37cb04c78deaa9fde89967b411e45346
Author: Scott Farrior <farrior@utexas.edu>
Date:   Thu Apr 13 20:38:33 2017 -0500

    Outputs search results as a JSON

commit d950410d7e79bca4648b163278d927481ae3c68c
Author: Scott Farrior <farrior@utexas.edu>
Date:   Thu Apr 13 20:32:42 2017 -0500

    Allows the user to specify results per page

commit 581db6eabbce7b0b4243c706b49285e876c8cfc8
Author: Scott Farrior <farrior@utexas.edu>
Date:   Thu Apr 13 20:28:07 2017 -0500

    Adds rudimentary pagination

commit 66a287e91ec4154481b21cf46e630fc3daf60bf3
Author: Scott Farrior <farrior@utexas.edu>
Date:   Thu Apr 13 20:11:57 2017 -0500

    Mixes up results from search so they're not all of one type

commit 907543cf8e688084f1f42ed570bd1ecdb1d91700
Author: Scott Farrior <farrior@utexas.edu>
Date:   Thu Apr 13 15:35:19 2017 -0500

    Fixes error where q was not none, but was still empty when searching

commit 2acc66fab633e2f28da3d80391c064132ccef6a4
Author: Scott Farrior <farrior@utexas.edu>
Date:   Thu Apr 13 15:29:53 2017 -0500

    Prevents whooshee from throwing an error for search queries of length < 3

commit 0d85c56b864c563b05666ade7d11c136ab12dd9e
Author: Taben Malik <tabenjmalik@gmail.com>
Date:   Thu Apr 13 15:04:46 2017 -0500

    Back end searching of all models

commit 218df5855ec811cda8dcc4a119c6707297965b7e
Author: Taben Malik <tabenjmalik@gmail.com>
Date:   Thu Apr 13 14:34:10 2017 -0500

    Satellite searchable with flask-whooshee

commit 1001fa225c7ea6db6c59bede18c1d66e7d735206
Author: tabenmalik <tabenjmalik@gmail.com>
Date:   Wed Apr 12 23:06:22 2017 -0500

    Searching satellites. Having trouble searching other models

commit 2f07ccbdd58939c72652bc9ba04668f85ba0a1a9
Author: tabenmalik <tabenjmalik@gmail.com>
Date:   Wed Apr 12 22:43:13 2017 -0500

    Changed all model fields to strings

commit 8ad9eaaf2a9f9e6ae5dc3f9d7c8ff0da17dff8f2
Author: tabenmalik <tabenjmalik@gmail.com>
Date:   Wed Apr 12 22:31:13 2017 -0500

    Make removes search index on every build

commit 34d0607546c458f72d6705fbdba58051efd92064
Author: tabenmalik <tabenjmalik@gmail.com>
Date:   Wed Apr 12 18:57:12 2017 -0500

    Testing text search with satellites

commit 37ebd21993311df36f7e11b9a1f80974629fd184
Author: tabenmalik <tabenjmalik@gmail.com>
Date:   Wed Apr 12 18:56:15 2017 -0500

    Changed to new flask whoosh dependency

commit 632b7f929eeab790865ae8fdec54591cfcae229f
Author:  <taben@Borg.localdomain>
Date:   Wed Apr 12 18:14:51 2017 -0500

    Added Flask-WhooshAlchemy dependency

commit 26eedfbb92c66b7387bbb009b33daa1157ff1873
Author:  <taben@Borg.localdomain>
Date:   Wed Apr 12 18:09:01 2017 -0500

    Changed img_url database column from String to Text

commit 84c999383d28406babaef75f9e852db66ac479d5
Author:  <taben@Borg.localdomain>
Date:   Wed Apr 12 17:55:07 2017 -0500

    Fixed star images

commit d9f61d10ce1463c1d996e68d3ea65b72ad31e647
Author:  <taben@Borg.localdomain>
Date:   Wed Apr 12 16:31:31 2017 -0500

    Recompiled images of planets, stars, and galaxies

commit afc715c8667a6cb2792b5dd98aa0055c1441187f
Merge: 5864f58 8defab4
Author:  <taben@Borg.localdomain>
Date:   Wed Apr 12 12:43:03 2017 -0500

    Merge branch 'develop' into dev-imgs-taben

commit 5864f58343ae6eaf56c90e2f3835cb5f980c64ff
Author:  <taben@Borg.localdomain>
Date:   Wed Apr 12 12:41:50 2017 -0500

    Update planet images

commit 8defab463eae1be58ed68a97a874fdfc61dd9af4
Author: Nick <nick.kantor@utexas.edu>
Date:   Tue Apr 11 23:39:03 2017 -0500

    Added the search page and search bar.

commit a69010ffebdd09a077c8318a70278221fc3dec4f
Author: Nick <nick.kantor@utexas.edu>
Date:   Tue Apr 11 23:27:05 2017 -0500

    Changed the navbar style.

commit 4f5d7566b7e8e82d649fb8ac6a2f1d2a38f48d38
Author: Nick <nick.kantor@utexas.edu>
Date:   Tue Apr 11 21:58:18 2017 -0500

    Cleaned up the carousel and modified the background image.

commit ae6052aafe1ad11ab405de7dfa27d327e4264f0b
Author: Nick <nick.kantor@utexas.edu>
Date:   Tue Apr 11 21:24:52 2017 -0500

    Trying to fix a bug.

commit aec9e69b806df449673dbdad8e1553bd81a9e8d6
Author: Nick <nick.kantor@utexas.edu>
Date:   Tue Apr 11 19:42:30 2017 -0500

    Attempted to add a search bar.

commit 30e0d1f90c7b821b523c9ebb73a8698e8cb5166c
Author: Nick <nick.kantor@utexas.edu>
Date:   Tue Apr 11 19:29:51 2017 -0500

    Changed the navbar for better mobile view.

commit f4a1e5fced55f74d0b046451e72ccfc2035d4022
Author: Nick <nick.kantor@utexas.edu>
Date:   Tue Apr 11 19:15:43 2017 -0500

    Changed the model pages to display 6 results per page so resizing looks better.

commit e296ce56d4440f1928a02676b80e32629e769695
Author: Nick <nick.kantor@utexas.edu>
Date:   Tue Apr 11 19:10:49 2017 -0500

    Changed the style of the website and resizing of the about page.

commit 676c7cb9cd60605f4df31e0c04f0bd2039bf7281
Author: Nick <nick.kantor@utexas.edu>
Date:   Tue Apr 11 13:57:29 2017 -0500

    Earth page now displays an image of earth.

commit 7d766738457182b97ec443cfab89eb6926f4966b
Author: Nick <nick.kantor@utexas.edu>
Date:   Tue Apr 11 02:03:59 2017 -0500

    Added David as the phase 3 leader.

commit 78e30aca4aaaabc9b446759b67d998708b905fa7
Author: Nick <nick.kantor@utexas.edu>
Date:   Tue Apr 11 02:00:47 2017 -0500

    Removed unessesary template files.

commit 1a5bb0cca372db366232065cd3959ffc5b074b8e
Author: Nick <nick.kantor@utexas.edu>
Date:   Tue Apr 11 01:56:46 2017 -0500

    Added isomorphic fetch for browser compatibility issues.

commit 8b3b52c0167cf47f913429292e2496b429ff4bfe
Author: Nick <nick.kantor@utexas.edu>
Date:   Tue Apr 11 01:47:11 2017 -0500

    Changed the apod pictures from hd to not hd. Also fixed the grid flow.

commit 460469b9bcddcf49a1af2c2f9e811b60752ae476
Author: Nick <nick.kantor@utexas.edu>
Date:   Tue Apr 11 01:35:29 2017 -0500

    shrunk a link that was too long for the report.

commit ef439fa773d7955ae90c2fcbbe5cb129e9d60d7f
Author: Nick <nick.kantor@utexas.edu>
Date:   Tue Apr 11 01:28:02 2017 -0500

    Fixed title display issues.

commit 8d11c03ef9fd0334aa1da04ab9a15b4c8dd5a325
Author: tabenmalik <tabenjmalik@gmail.com>
Date:   Sun Apr 9 17:59:03 2017 -0500

    Added makefile for data scripts.

commit e7240eb9e4b99a2b8cf8d9b203f7b9763edc4f47
Author: tabenmalik <tabenjmalik@gmail.com>
Date:   Sun Apr 9 15:45:35 2017 -0500

    Fixed off-by-one error

commit 5b4a861df3a8cdc8b291477b80e7e13c2c973a72
Author: tabenmalik <tabenjmalik@gmail.com>
Date:   Thu Apr 6 21:53:55 2017 -0500

    Updated log

commit 59da6deadadc9c682acbe2e763ee5332abb941a2
Author: tabenmalik <tabenjmalik@gmail.com>
Date:   Thu Apr 6 21:52:57 2017 -0500

    Update pydoc

commit 27ff6d15d780de5934df5134e7bc56d047e5963f
Merge: 74ad4de ac61f17
Author: David Ares <davidares7@gmail.com>
Date:   Thu Apr 6 21:52:23 2017 -0500

    Merge pull request #54 from samuelbraley/develop
    
    Develop

commit ac61f17f21333cf14ab32bef9b8c29cc1e64da66
Merge: 0d90de6 678f3e2
Author: David Ares <davidares7@gmail.com>
Date:   Thu Apr 6 21:47:55 2017 -0500

    Merge pull request #53 from samuelbraley/dev-react-d3
    
    Dev react d3

commit 678f3e27c2e859ca1ed99d7883d48e40ad0f28a1
Author: dares23 <davidares7@gmail.com>
Date:   Thu Apr 6 21:44:45 2017 -0500

    final

commit 74ad4de30bb3b9077b7c14a71fc276862a22f0cd
Author: Scott Farrior <farrior@cs.utexas.edu>
Date:   Thu Apr 6 21:37:32 2017 -0500

    Updates app.yaml and database.py for gcp

commit bd9cc07f2a0b25a12c12726590b2b63073465c90
Merge: cced5f7 0d90de6
Author: Nick Kantor <njk464@users.noreply.github.com>
Date:   Thu Apr 6 21:35:28 2017 -0500

    Merge pull request #52 from samuelbraley/develop
    
    Develop

commit 0d90de6109becf59482a02b265048a4426e8dc2e
Author: tabenmalik <tabenjmalik@gmail.com>
Date:   Thu Apr 6 21:32:38 2017 -0500

    Fixed the report.

commit 4e92e1592a5decd84c9775fc05b261c5f171692d
Merge: 4ddf22d 5f6766f
Author: njk464 <nick.kantor@utexas.edu>
Date:   Thu Apr 6 21:29:45 2017 -0500

    Merge branch 'develop' of https://github.com/samuelbraley/idb into develop

commit 4ddf22d7f142d9199f6b2279df127bcf61cb90a5
Author: njk464 <nick.kantor@utexas.edu>
Date:   Thu Apr 6 21:29:21 2017 -0500

    Updated the report.

commit 5f6766f55faa098e0efea8f174839ad37a2ede0a
Author: tabenmalik <tabenjmalik@gmail.com>
Date:   Thu Apr 6 21:26:55 2017 -0500

    Successful pylint runs

commit ea7de6e0543b75905838692f4549e6af758324e2
Author: Nick Kantor <njk464@users.noreply.github.com>
Date:   Thu Apr 6 20:42:31 2017 -0500

    Fixed comments

commit 0966402ed3cfa2e84c7a41e9088fd148cebdfcf2
Merge: de9865d 64475e3
Author:  <gustavo.osorio@utexas.edu>
Date:   Thu Apr 6 20:35:44 2017 -0500

    Merge branch 'develop' of https://github.com/samuelbraley/idb into develop

commit de9865dd83c83edd86eb4c96c2fe639306577d05
Author:  <gustavo.osorio@utexas.edu>
Date:   Thu Apr 6 20:35:02 2017 -0500

    Updated UML img_url

commit 64475e3fe83623181a138ae446b64a342af7b6e4
Author: tabenmalik <tabenjmalik@gmail.com>
Date:   Thu Apr 6 20:33:40 2017 -0500

    Added coverage results.

commit c949c91dd54cd4edeb248e16ecf6ef78241e9267
Author: Nick Kantor <njk464@users.noreply.github.com>
Date:   Thu Apr 6 20:27:15 2017 -0500

    coverage results

commit 8f1867a65935c41974dfbc7305b8c4973c4f05f7
Author: Nick Kantor <njk464@users.noreply.github.com>
Date:   Thu Apr 6 20:25:59 2017 -0500

    Added coverage to the run_tests page

commit 165fa8d5c242d1e6090fc8bb42e8cac22071ad33
Merge: c1bf7c7 04a2645
Author: dares23 <davidares7@gmail.com>
Date:   Thu Apr 6 20:10:59 2017 -0500

    Merge branch 'dev-react-d3' of https://github.com/samuelbraley/idb into dev-react-d3

commit c1bf7c78bf3704635551cb0f6fa84984a60e7f32
Author: dares23 <davidares7@gmail.com>
Date:   Thu Apr 6 20:08:55 2017 -0500

    got filter to pass values

commit eb2d7cf0cfdb223733a88ffda4c7354261fb3cda
Author: dares23 <davidares7@gmail.com>
Date:   Thu Apr 6 19:52:22 2017 -0500

    adding filterby func

commit 04a264591b6e098df13d55bc5da38192069c9b1b
Author: dares23 <davidares7@gmail.com>
Date:   Thu Apr 6 20:08:55 2017 -0500

    got filter to pass values

commit 5cb2f1ef17510044952d5b043b9780a233ded1f3
Author: Samuel Braley <samuel.braley@utexas.edu>
Date:   Thu Apr 6 19:58:03 2017 -0500

    changed makefile to get make to work again

commit 1334bb6f963e270c8753b56a0e1e7749c983d722
Author: dares23 <davidares7@gmail.com>
Date:   Thu Apr 6 19:52:22 2017 -0500

    adding filterby func

commit 96fb03633e1f487d7702b396e9fb0837562a6313
Merge: fbca3bc ac3f812
Author: Samuel Braley <samuel.braley@utexas.edu>
Date:   Thu Apr 6 19:44:04 2017 -0500

    Merge branch 'develop' of https://github.com/samuelbraley/idb into develop

commit fbca3bc18b73feaf87e158884fda5a20c683dc0a
Author: Samuel Braley <samuel.braley@utexas.edu>
Date:   Thu Apr 6 19:43:40 2017 -0500

    got images to work on gallery view

commit ac3f8122a0cc1c213c2d8524d6c9c04a473fc971
Author: Scott Farrior <farrior@cs.utexas.edu>
Date:   Thu Apr 6 19:35:46 2017 -0500

    Updates tests to new models

commit 1f812a3b44954cbdfb3006ea2fb58e504a4ab2fb
Merge: a19c2a7 5498b83
Author: Scott Farrior <farrior@utexas.edu>
Date:   Thu Apr 6 19:16:00 2017 -0500

    Merge pull request #51 from samuelbraley/scott-tests
    
    Merging in code to have website run unit tests

commit 5498b835b855075a4e6bcfbd3a963b977beb194d
Merge: fa43b96 0417ebd
Author: Scott Farrior <farrior@utexas.edu>
Date:   Thu Apr 6 19:15:08 2017 -0500

    Merge branch 'develop' into scott-tests

commit a19c2a7b233869e532cde38062a6049f221cb8b6
Merge: 0d2591c 0417ebd
Author: Samuel Braley <samuel.braley@utexas.edu>
Date:   Thu Apr 6 19:12:25 2017 -0500

    Merge branch 'develop' of https://github.com/samuelbraley/idb into develop

commit 0d2591c7e98b92f90125b4d15a145961aa0deb86
Merge: f60416e a611101
Author: Samuel Braley <samuel.braley@utexas.edu>
Date:   Thu Apr 6 19:12:16 2017 -0500

    resolved minor merge conflict

commit 0417ebd25a106ee2459cac90d2f76b764e6f2a79
Author: tabenmalik <tabenjmalik@gmail.com>
Date:   Thu Apr 6 19:10:04 2017 -0500

    Update models.py

commit f60416e5e0e3b72120901b2c49575b5a0c48fe61
Author: Samuel Braley <samuel.braley@utexas.edu>
Date:   Thu Apr 6 19:04:06 2017 -0500

    got individual models pages to work and beautified them

commit a611101ad4b310bbf00cabfd13889b3b691d3267
Merge: 23e14b2 c698cca
Author: Taben <tabenjmalik@gmail.com>
Date:   Thu Apr 6 19:01:46 2017 -0500

    Merge pull request #50 from samuelbraley/dev-imgs-taben
    
    Dev imgs taben

commit c698cca81d357217a8dfd5dfb9d7927ec1680613
Author: tabenmalik <tabenjmalik@gmail.com>
Date:   Thu Apr 6 18:57:26 2017 -0500

    Img update

commit fa43b9611455836404455e699a0ccd369e6e54c3
Author: Scott Farrior <farrior@cs.utexas.edu>
Date:   Thu Apr 6 18:56:57 2017 -0500

    Further updates tests for gcp

commit 47413b83b16ad05e49d650a70a8c185f0811f4c0
Author: tabenmalik <tabenjmalik@gmail.com>
Date:   Thu Apr 6 18:44:54 2017 -0500

    Satellite patch

commit 23e14b23e1bb37cc60c158f32a9626dfbed7efd2
Merge: 347ee5b 242a0c7
Author: David Ares <davidares7@gmail.com>
Date:   Thu Apr 6 18:35:07 2017 -0500

    Merge pull request #49 from samuelbraley/dev-react-d3
    
    Dev react d3

commit 242a0c7d21399ea863d25d7ee732741906c23d82
Author: dares23 <davidares7@gmail.com>
Date:   Thu Apr 6 18:30:17 2017 -0500

    completed sort by function

commit 347ee5b373c22b119c92996a9ebfc8ff3774c84d
Author: njk464 <nick.kantor@utexas.edu>
Date:   Thu Apr 6 18:12:59 2017 -0500

    Added more APIs to the about page.

commit b5de7bc515b6a791add30b83b44ecbc650af30ad
Author: tabenmalik <tabenjmalik@gmail.com>
Date:   Thu Apr 6 18:00:07 2017 -0500

    Added img urls

commit a12894ff3fc97e7fe6f0769a3290f4a71d0d8cdf
Author: njk464 <nick.kantor@utexas.edu>
Date:   Thu Apr 6 17:51:26 2017 -0500

    Modified the about page.

commit 7b8bbd764fae1a1208ed4dc97e09febad4cbca6d
Author: njk464 <nick.kantor@utexas.edu>
Date:   Thu Apr 6 16:20:06 2017 -0500

    Added stars.

commit dcb6d6680aaf72df649408543a541bd2f34b6c43
Author: Scott Farrior <farrior@cs.utexas.edu>
Date:   Thu Apr 6 16:20:00 2017 -0500

    Updates tests to be runnable by flask

commit 914178214490db6d1bf4d5628571cbf1112944d0
Merge: 055a7d9 77d84e6
Author: njk464 <nick.kantor@utexas.edu>
Date:   Thu Apr 6 15:50:00 2017 -0500

    Merge branch 'dev-imgs-taben' of https://github.com/samuelbraley/idb into dev-imgs-taben

commit 055a7d90d28f58965e8f0c6679399dca9d61a530
Author: njk464 <nick.kantor@utexas.edu>
Date:   Thu Apr 6 15:44:38 2017 -0500

    Added galaxy photos.

commit 77d84e62c705c14f6c785f68d8c99cddd4bceb4f
Author: tabenmalik <tabenjmalik@gmail.com>
Date:   Thu Apr 6 15:36:26 2017 -0500

    Added planet url files

commit 43954f4fabd4ef80d400a7d759616c25f9194f73
Author: dares23 <davidares7@gmail.com>
Date:   Thu Apr 6 15:25:14 2017 -0500

    updated paging and made filter and sort a button

commit e8834205e5db4503effd40b6592ae20ec66dfc47
Author: tabenmalik <tabenjmalik@gmail.com>
Date:   Thu Apr 6 14:53:52 2017 -0500

    Image scraper

commit 2bf9c3353ee3c0a4dbf4bb1ff2d61464df68ada0
Author: tabenmalik <tabenjmalik@gmail.com>
Date:   Thu Apr 6 13:25:06 2017 -0500

    Fixed satellite patcher

commit 97822b4132ffff01a3b891bd999236e309bddc96
Author: tabenmalik <tabenjmalik@gmail.com>
Date:   Thu Apr 6 13:24:48 2017 -0500

    Consolidated scripts and data

commit edff4af1763d111a9fb713a4afa66cd57d798556
Merge: c6bc94b fd59a5c
Author: tabenmalik <tabenjmalik@gmail.com>
Date:   Thu Apr 6 12:52:12 2017 -0500

    Merge branch 'dev-imgs-taben' of https://github.com/samuelbraley/idb into dev-imgs-taben

commit fd59a5c905c036153cf3240b63e6e18e504fcd18
Author: Taben Malik <tabenjmalik@gmail.com>
Date:   Thu Apr 6 10:37:55 2017 -0500

    Fixed satellite patch script

commit b86e4f465b7e98c2d80f94c60de0c96c5ed39e7d
Author: Taben Malik <tabenjmalik@gmail.com>
Date:   Thu Apr 6 10:32:38 2017 -0500

    Added img attribute to models

commit c6bc94be2ad00b94af1bf482643384a3c80bccd6
Merge: 03ae470 f753831
Author: Nick Kantor <njk464@users.noreply.github.com>
Date:   Thu Apr 6 09:02:51 2017 -0500

    Merge pull request #48 from samuelbraley/dev-react-nick
    
    Dev react nick

commit f7538311ac41ae705a7f5298ac2a46631449122a
Author: Nick Kantor <nick.kantor@utexas.edu>
Date:   Thu Apr 6 08:42:41 2017 -0500

    Made the test page return covereage results.

commit 259dcdff6a72b50e40e512549c02ee847eafdae5
Merge: ab2babc 823d5ea
Author: Nick Kantor <nick.kantor@utexas.edu>
Date:   Thu Apr 6 00:25:10 2017 -0500

    Resolved merge conflict.

commit ab2babcecc1b368d195db9ee27c30aa78a3e85a7
Author: Nick Kantor <nick.kantor@utexas.edu>
Date:   Thu Apr 6 00:23:55 2017 -0500

    Merging with develop.

commit 005fb08a284003e3602e45cfb86c33ad2f5bb2fd
Author: Nick Kantor <nick.kantor@utexas.edu>
Date:   Thu Apr 6 00:19:49 2017 -0500

    About page is updated dynamically.

commit 1a6825f12fd8fb2e992ae0b9aaab6527e0546da3
Author: Nick Kantor <nick.kantor@utexas.edu>
Date:   Wed Apr 5 23:31:06 2017 -0500

    Member info is now rendered with react.

commit cd6add156c321e54983e49d7689c56b5311643fb
Author: Nick Kantor <nick.kantor@utexas.edu>
Date:   Wed Apr 5 22:20:38 2017 -0500

    Added dynamic commit and issue data and modified the way tests are run.

commit c7089f81f2479139dd3f96766d7327c23b39ebcd
Author: Nick Kantor <nick.kantor@utexas.edu>
Date:   Wed Apr 5 21:37:50 2017 -0500

    Added a way to get test results from the about page.

commit 823d5eae2f9d85325bf0db787886f78de98f6aa2
Author: Nick Kantor <nick.kantor@utexas.edu>
Date:   Thu Apr 6 00:19:49 2017 -0500

    About page is updated dynamically.

commit 03ae47072e72ff1e3cf11ad0cccb43809525d26b
Author: dares23 <davidares7@gmail.com>
Date:   Thu Apr 6 00:07:12 2017 -0500

    updated compiled js

commit 082edeb027d1f804ec23639197843d1b5709c7f4
Merge: 30369cd 28d6720
Author: dares23 <davidares7@gmail.com>
Date:   Thu Apr 6 00:04:37 2017 -0500

    Merge branch 'develop' of https://github.com/samuelbraley/idb into develop

commit 30369cdb31e64ece9e7a8cf7fd54f2a926dcfd7e
Author: dares23 <davidares7@gmail.com>
Date:   Thu Apr 6 00:04:14 2017 -0500

    completed paging on front end

commit 40e64fa046daa7500f8a87d82e8a99f74795e66d
Author: Nick Kantor <nick.kantor@utexas.edu>
Date:   Wed Apr 5 23:31:06 2017 -0500

    Member info is now rendered with react.

commit 732a746f43f253ef696ba1280284eb0849031295
Author: Nick Kantor <nick.kantor@utexas.edu>
Date:   Wed Apr 5 22:20:38 2017 -0500

    Added dynamic commit and issue data and modified the way tests are run.

commit facb17988513e303485c46f01c50d2e89b531e48
Author: Nick Kantor <nick.kantor@utexas.edu>
Date:   Wed Apr 5 21:37:50 2017 -0500

    Added a way to get test results from the about page.

commit 28d67207040c930c3fcc11e6bc98fd4bd919ac0d
Author: Gustavo Osorio <lpztavo@yahoo.com>
Date:   Wed Apr 5 17:52:45 2017 -0500

    Updated UML attribute names and methods

commit af41d32e86c24e08378b2e124b79a0caa6da06c1
Author: Gustavo Osorio <lpztavo@yahoo.com>
Date:   Wed Apr 5 17:33:33 2017 -0500

    Added pragma: no cover stmnts and deleted unused serializer for satellite  model

commit 001946f7b78c7a61293ffc33dcaf5ef89197dbe5
Author: Gustavo Osorio <lpztavo@yahoo.com>
Date:   Wed Apr 5 17:18:56 2017 -0500

    Added .coveragerc to omit packages

commit 852ee4f46192f6486fed9879a7b7dd6ce574f712
Author: dares23 <davidares7@gmail.com>
Date:   Wed Apr 5 13:12:10 2017 -0500

    changed http call

commit 73a419eed93305d755c642eb38dd9a867529066e
Merge: 8e464a1 cced5f7
Author: Nick Kantor <njk464@users.noreply.github.com>
Date:   Wed Apr 5 13:05:47 2017 -0500

    Merge pull request #47 from samuelbraley/master
    
    Oops

commit cced5f7a952d29896d3c1623ba09f54789529aa3
Merge: bda85eb 1ebb1c7
Author: Nick Kantor <njk464@users.noreply.github.com>
Date:   Wed Apr 5 13:00:09 2017 -0500

    Merge pull request #46 from samuelbraley/dev-react-nick
    
    Dev react nick

commit 1ebb1c73e34dea7c6b7056d3029c844d19bba3b8
Merge: 0bb6a73 32adf77
Author: Nick Kantor <nick.kantor@utexas.edu>
Date:   Wed Apr 5 12:57:00 2017 -0500

    Resolving merge

commit 0bb6a73e4ff788c46e50ff50371a69673bf4cba2
Author: Nick Kantor <nick.kantor@utexas.edu>
Date:   Wed Apr 5 12:32:40 2017 -0500

    Rebased to develop

commit 43aa45fab594eeff426cddfce2ce489953504067
Author: Nick Kantor <nick.kantor@utexas.edu>
Date:   Wed Apr 5 12:21:56 2017 -0500

    Changes for the merge.

commit 53ffb34d3d5be6d94f3cab4c7f9e2fe435679b76
Author: Nick Kantor <nick.kantor@utexas.edu>
Date:   Wed Apr 5 10:39:55 2017 -0500

    Working on react for the about page.

commit 513ccd557a5cb43d3762dd07a0a3de2d1937accc
Author: Nick Kantor <nick.kantor@utexas.edu>
Date:   Mon Apr 3 18:32:56 2017 -0500

    Created a bash script to compile all necessary react files.

commit abbca0a8fdda8fc58b5ee6b9ca4a52404c839433
Author: Nick Kantor <nick.kantor@utexas.edu>
Date:   Mon Apr 3 17:58:22 2017 -0500

    Finished updating the carousel.

commit 32adf77ef59e748183c3422f153b9ea3cdcc26a3
Author: Nick Kantor <nick.kantor@utexas.edu>
Date:   Wed Apr 5 12:21:56 2017 -0500

    Changes for the merge.

commit 8e464a1f988028fddf04c83c3413f3599f96876d
Author: Scott Farrior <farrior@cs.utexas.edu>
Date:   Wed Apr 5 12:16:53 2017 -0500

    Updates default expiry in the yaml

commit d0351df43183afbaf2219612df2c99093b0e07d2
Merge: c358124 fe6a7f9
Author: David Ares <davidares7@gmail.com>
Date:   Wed Apr 5 12:04:58 2017 -0500

    Merge pull request #45 from samuelbraley/dev-react-d3
    
    Dev react d3

commit fe6a7f9fd0852ecb921996dd0f141d71b858dcb1
Author: dares23 <davidares7@gmail.com>
Date:   Wed Apr 5 12:02:27 2017 -0500

    running all model list off of one js file

commit 26010aa00368a4e761b7d1e2998ecd92b28dfdb6
Author: Nick Kantor <nick.kantor@utexas.edu>
Date:   Wed Apr 5 10:39:55 2017 -0500

    Working on react for the about page.

commit c3581240e7f4d51bbce750bf0eecdf0fd6890b08
Author: Gustavo Osorio <lpztavo@yahoo.com>
Date:   Wed Apr 5 05:19:51 2017 -0500

    Uncommented code to run coverage and fixed test.py pylint errors

commit ecefba9fb0c289dfe812a434604fb3cc338522ad
Merge: fb36eb1 efa001e
Author: David Ares <davidares7@gmail.com>
Date:   Tue Apr 4 18:24:33 2017 -0500

    Merge pull request #44 from samuelbraley/dev-react-d3-sam
    
    Dev react d3 sam

commit efa001ec12172cf86172f81db45ec88d5d1c6eb3
Merge: 2a0c3f9 3e84268
Author: dares23 <davidares7@gmail.com>
Date:   Tue Apr 4 18:21:11 2017 -0500

    Merge branch 'dev-react-d3-sam' of https://github.com/samuelbraley/idb into dev-react-d3-sam

commit 2a0c3f9307ed5e06bcd886458160bb3cff9af2ca
Author: Samuel Braley <samuel.braley@utexas.edu>
Date:   Tue Apr 4 18:12:28 2017 -0500

    got basic form of planet page working

commit fb36eb1068b10a613ace6dc4e61bae44053fb335
Author: dares23 <davidares7@gmail.com>
Date:   Tue Apr 4 18:15:47 2017 -0500

    added api call for list of models, put all models on one render file

commit 3e84268265400e92e734acc054b852e6313bdca1
Author: Samuel Braley <samuel.braley@utexas.edu>
Date:   Tue Apr 4 18:12:28 2017 -0500

    got basic form of planet page working

commit 809fce0ecc109525b65d2139853d40375da2186b
Author: dares23 <davidares7@gmail.com>
Date:   Tue Apr 4 15:10:09 2017 -0500

    changed bootstap ref in base.html

commit 62e1ab162f1dd9606f6e7cea2e6e9a755ad246b5
Merge: 390d6c5 1d32c31
Author: dares23 <davidares7@gmail.com>
Date:   Tue Apr 4 14:21:17 2017 -0500

    Merge branch 'develop' of https://github.com/samuelbraley/idb into dev-react-d3

commit 390d6c5f4d5807f761a0197220445a835e483ec0
Author: dares23 <davidares7@gmail.com>
Date:   Tue Apr 4 14:18:32 2017 -0500

    getting href of site

commit e2ea4fb578588b88d89e2563c7bec6f3b479c8c7
Author: dares23 <davidares7@gmail.com>
Date:   Tue Apr 4 14:06:13 2017 -0500

    completed components for grid pages

commit 1d32c310b020149702b184dbd39141d2439399da
Merge: 018ba69 167eecb
Author: Scott Farrior <farrior@utexas.edu>
Date:   Tue Apr 4 10:53:44 2017 -0500

    Merge pull request #43 from samuelbraley/scott-make-database
    
    Merging changes to develop

commit 167eecb6dbdfd606cdea64d31460b9be063ffab7
Author: Scott Farrior <farrior@cs.utexas.edu>
Date:   Tue Apr 4 10:43:29 2017 -0500

    Updated makefile to generated a better pylintrc

commit ed1dc85bb5b70853e25d34d430b9f895fc667651
Author: Scott Farrior <farrior@cs.utexas.edu>
Date:   Tue Apr 4 10:43:06 2017 -0500

    Cleaned up database.py and changed how the load_db method works

commit b6264ddf89f809b5605c589cc731090344eb09af
Author: Scott Farrior <farrior@cs.utexas.edu>
Date:   Tue Apr 4 10:17:18 2017 -0500

    Moved and cleaned up some files

commit 71405b496dd4065f7104bc1763444a8a803399b7
Author: Scott Farrior <farrior@cs.utexas.edu>
Date:   Mon Apr 3 23:59:55 2017 -0500

    Create database script

commit 018ba69d107b93f7d9da37b9f6e820f0f7717802
Author: Scott Farrior <farrior@cs.utexas.edu>
Date:   Mon Apr 3 22:28:48 2017 -0500

    Ran pylint and autopep8 on models.py. Apologies to whoever formatted it all nicely, but it made the tools mad.

commit 33ca6debbf74e8b65d2b2953ce3eb78950e4425a
Author: Scott Farrior <farrior@cs.utexas.edu>
Date:   Mon Apr 3 20:31:08 2017 -0500

    Removes the curated images file I forgot to remove

commit 7a46d9e91c33cb176f85e5e668904836008369d4
Author: Scott Farrior <farrior@cs.utexas.edu>
Date:   Mon Apr 3 20:24:01 2017 -0500

    Patches satellite.json and adds script for future patching

commit 2f716e6db946032195fe1d1ce06a058bd32d9dcd
Merge: 485f4c0 df5d19b
Author: dares23 <davidares7@gmail.com>
Date:   Mon Apr 3 19:08:48 2017 -0500

    Merge branch 'dev-react-d3' of https://github.com/samuelbraley/idb into dev-react-d3

commit 485f4c05769e4d5f6033c89f1037b67bf967060c
Author: dares23 <davidares7@gmail.com>
Date:   Mon Apr 3 19:04:26 2017 -0500

    added render page

commit 759f26dbcd767646d8f075245a5cdfda9f863e90
Author: dares23 <davidares7@gmail.com>
Date:   Mon Apr 3 19:02:26 2017 -0500

    got planets to render, need to add api call

commit 756007b48eaac3971d472deca3c86cb1f98a5761
Author: dares23 <davidares7@gmail.com>
Date:   Mon Apr 3 13:49:50 2017 -0500

    added components

commit dac3e0a75594960478139cd5da78ae3303340c41
Author: Nick Kantor <nick.kantor@utexas.edu>
Date:   Mon Apr 3 12:12:26 2017 -0500

    Added bower components

commit 7f87f9a9d5dddb4481771971276970146abea5f5
Author: Nick Kantor <nick.kantor@utexas.edu>
Date:   Mon Apr 3 11:52:59 2017 -0500

    Minor fix

commit a4b906286bc05e0dcf3e30577ccecdca2a44745e
Author: Nick Kantor <nick.kantor@utexas.edu>
Date:   Mon Apr 3 11:49:03 2017 -0500

    Carousel is almost ready.

commit df5d19b234b82a97cfd507d1dc17f07fc422a2ff
Author: dares23 <davidares7@gmail.com>
Date:   Mon Apr 3 19:04:26 2017 -0500

    added render page

commit 89799999263ccc49c30472201a6ac2c466191264
Author: dares23 <davidares7@gmail.com>
Date:   Mon Apr 3 19:02:26 2017 -0500

    got planets to render, need to add api call

commit b526602de9a300431706c5ec8f6a64fece3b43a6
Author: Nick Kantor <nick.kantor@utexas.edu>
Date:   Mon Apr 3 18:32:56 2017 -0500

    Created a bash script to compile all necessary react files.

commit 4d1d56a7d6c36497deb3980cca23903063ae5f02
Author: Nick Kantor <nick.kantor@utexas.edu>
Date:   Mon Apr 3 17:58:22 2017 -0500

    Finished updating the carousel.

commit 3d080a7ebdc4b47bcee6613e363b5886bf2e156a
Author: Scott Farrior <farrior@cs.utexas.edu>
Date:   Mon Apr 3 14:49:33 2017 -0500

    Adds file to make changes to satellite json with

commit 4497a6088a6fd4934f2d34f01eeeec71a17bdcd3
Author: dares23 <davidares7@gmail.com>
Date:   Mon Apr 3 13:49:50 2017 -0500

    added components

commit 30718fc83cadb980573b0facd3219812312cc49c
Merge: 052e127 cfcc4fe
Author: Scott Farrior <farrior@utexas.edu>
Date:   Mon Apr 3 12:41:44 2017 -0500

    Merge pull request #42 from samuelbraley/dev-api
    
    Merge Dev-Api in to develop

commit cfcc4fe04140bcae403fc96b930862b9912133e8
Merge: e35c125 052e127
Author: Scott Farrior <farrior@utexas.edu>
Date:   Mon Apr 3 12:40:13 2017 -0500

    Merge branch 'develop' into dev-api

commit e35c125260044288415a399efed2f41f89185c3d
Author: Taben Malik <tabenjmalik@gmail.com>
Date:   Mon Apr 3 12:15:34 2017 -0500

    Adjusted satellite scraper to get more satellites

commit 2857d2b0a6ad7837d9fc1e085c3d7730c7008e66
Author: Nick Kantor <nick.kantor@utexas.edu>
Date:   Mon Apr 3 12:12:26 2017 -0500

    Added bower components

commit ce251433396c91ac6fd18308d9721002480c4822
Author: Nick Kantor <nick.kantor@utexas.edu>
Date:   Mon Apr 3 11:52:59 2017 -0500

    Minor fix

commit dbc7e849b01395c755defafa5edc4b2056a74de4
Author: Nick Kantor <nick.kantor@utexas.edu>
Date:   Mon Apr 3 11:49:03 2017 -0500

    Carousel is almost ready.

commit ae5cc4e5b5038aeaa2ab5df29557ea52a344c6c7
Author: Scott Farrior <farrior@cs.utexas.edu>
Date:   Mon Apr 3 10:13:06 2017 -0500

    Updated version of flask-restless in requirements.txt for gcp

commit e549b69956556b6aa1284a3b06981809c1facb99
Author:  <gustavo.osorio@utexas.edu>
Date:   Mon Apr 3 05:28:41 2017 -0500

    Changed .travis.yml to install restless

commit 4d938954345404faf6a9918c7c74449c60f78bc8
Author:  <gustavo.osorio@utexas.edu>
Date:   Mon Apr 3 04:45:21 2017 -0500

    Updated tests and makefile to run them with make test

commit 1e0837a721eb743b18a0e2367f28324441f962b2
Author:  <gustavo.osorio@utexas.edu>
Date:   Mon Apr 3 04:44:25 2017 -0500

    Made small change to satellite.to_dict()

commit 7b58a4406d6ec1b07ee23db40a5e5019cb8d4015
Author: Scott Farrior <farrior@cs.utexas.edu>
Date:   Sun Apr 2 19:43:45 2017 -0500

    Updates app.yaml for database

commit dcd839792a98af7f244e7a3973d11a309a252743
Author: Taben Malik <tabenjmalik@gmail.com>
Date:   Sun Apr 2 14:23:34 2017 -0500

    Customized restless api

commit 49e9585b94ef6ab00627af29a19d0f11537aa18e
Author: Taben Malik <tabenjmalik@gmail.com>
Date:   Sun Apr 2 13:31:39 2017 -0500

    Removed manual api

commit 052e1278e6d339b6356a0b079dc7056d0d9ff09f
Merge: a9a24dc 8b0be62
Author: Nick Kantor <nick.kantor@utexas.edu>
Date:   Sat Apr 1 22:23:05 2017 -0500

    Merge branch 'develop' of https://github.com/samuelbraley/idb into develop

commit a9a24dc7bedda6f0d387a7a2cc29af58ac11943f
Author: Nick Kantor <nick.kantor@utexas.edu>
Date:   Sat Apr 1 22:22:54 2017 -0500

    ES6 react now works.

commit 903a41de01e19a0d99b8fead69741f5bdee79106
Author: Nick Kantor <nick.kantor@utexas.edu>
Date:   Sat Apr 1 21:51:17 2017 -0500

    Trying to get ES6 to work.

commit 4e6142246fdbff560ca3cb268d9e769bc701044e
Author: tabenmalik <tabenjmalik@gmail.com>
Date:   Sat Apr 1 21:32:56 2017 -0500

    Incorporated flask restless

commit a2fb13cd0330225f10ee7b3e5159826001b07d46
Author: tabenmalik <tabenjmalik@gmail.com>
Date:   Sat Apr 1 20:46:04 2017 -0500

    Manual API Test

commit 8b0be62507529709ab93fa88db15dcd43df2f999
Author: Gustavo Osorio <lpztavo@yahoo.com>
Date:   Sat Apr 1 06:00:04 2017 -0500

    Updated database.py to insert json data to database with correct relations

commit 9790f4f0fd81d7b9b2b04429cec97e37185689b5
Author: Gustavo Osorio <lpztavo@yahoo.com>
Date:   Sat Apr 1 05:54:10 2017 -0500

    Commented out asserts from models.py and updated arg name in constructor for ra and dec to match json for unpacking

commit 9f0642d4c69cd7a742637202de951dab5813d818
Author: Gustavo Osorio <lpztavo@yahoo.com>
Date:   Sat Apr 1 05:51:21 2017 -0500

    Removed 'host_name' from hard coded earth and updated scripts

commit dcc8d1b44987910f8bf6126b546e4698953b13b2
Author: Scott Farrior <farrior@cs.utexas.edu>
Date:   Fri Mar 31 15:39:00 2017 -0500

    Comments out model init to use default kwargs version

commit e9eb38b8b2c1bdec82b5415a4ad5e8d44a974618
Author: Gustavo Osorio <lpztavo@yahoo.com>
Date:   Fri Mar 31 00:14:56 2017 -0500

    Updated UML

commit 59bd7d2dc703dc30140f08d3e43138aa4a3cba09
Author: Scott Farrior <farrior@cs.utexas.edu>
Date:   Thu Mar 30 23:35:37 2017 -0500

    Updates planets to match the json

commit ff8480fa67b3f6f1906a3af8bc5e6564a5c6ae91
Author: Scott Farrior <farrior@cs.utexas.edu>
Date:   Thu Mar 30 19:45:35 2017 -0500

    Updates planets to match json

commit 92b1dfa5d1f1325a7f1e1bd5bcf601202fceccf0
Author: Scott Farrior <farrior@cs.utexas.edu>
Date:   Thu Mar 30 19:30:55 2017 -0500

    Updates stars to match json

commit f221ada15c5dcd1f88aaf4d8eb09809899ba1fcd
Author: Scott Farrior <farrior@cs.utexas.edu>
Date:   Thu Mar 30 19:10:11 2017 -0500

    Updated Satellite to match new json in models.py

commit 1b6aa9b5c8ebf599cc8ca876beb48ee4b093bd63
Author: Scott Farrior <farrior@cs.utexas.edu>
Date:   Thu Mar 30 17:15:03 2017 -0500

    Images curated

commit 8faba53b58a5cd1973453097310d6a661bbea60e
Author: tabenmalik <tabenjmalik@gmail.com>
Date:   Thu Mar 30 15:36:12 2017 -0500

    Change data scraper to reflect updated models. Incorporated satellite url scraper

commit 75d9ae3101793e1f7f7d5abe2f60e803d3c8c02f
Author: Gustavo Osorio <lpztavo@yahoo.com>
Date:   Thu Mar 30 06:39:33 2017 -0500

    Added script to collect all image urls for satellite

commit 2c378917c361ad0067e14a379e6497e0002abe2f
Merge: cfe7f58 ecfd9a5
Author: Nick Kantor <nick.kantor@utexas.edu>
Date:   Wed Mar 29 10:35:49 2017 -0500

    Merge branch 'develop' of https://github.com/samuelbraley/idb into develop

commit cfe7f581f36ef5ea47f028bf15fc675d8539e04f
Author: Nick Kantor <nick.kantor@utexas.edu>
Date:   Wed Mar 29 10:35:32 2017 -0500

    Removed bower dependencies.

commit ecfd9a5b39d7499369eefa17098e5c4d22d2df91
Author: tabenmalik <tabenjmalik@gmail.com>
Date:   Tue Mar 28 23:25:25 2017 -0500

    Added makefile target to run data scraper

commit db0c44258c482a4b4c76f6f7a3d158ea2ae65494
Author: tabenmalik <tabenjmalik@gmail.com>
Date:   Tue Mar 28 23:23:23 2017 -0500

    Refined data collection scripts and data.

commit 47a1c7d780d05bf55f44ddf97601b3e2a0af8c66
Author: Gustavo Osorio <lpztavo@yahoo.com>
Date:   Tue Mar 28 23:14:34 2017 -0500

    Added code that will import json to database

commit 22130fc770e6cb5b273dc02969ab88bd9eba5b8a
Author: Gustavo Osorio <lpztavo@yahoo.com>
Date:   Tue Mar 28 20:37:32 2017 -0500

    Changed 'diamter' to 'diameter'

commit ad86d2e6b648cf026fecc28c1f3d0e3e18648be3
Author: tabenmalik <tabenjmalik@gmail.com>
Date:   Tue Mar 28 16:19:13 2017 -0500

    Completed scraper. Added data in json form

commit b1dc78d54db26031beff39d7ceb6d80d729b6ab1
Author: Scott Farrior <farrior@cs.utexas.edu>
Date:   Tue Mar 28 13:26:09 2017 -0500

    Updates app.yaml and requirements.txt for databases

commit 3c090ab4609cfe8309945ad53cb56b68d318b9f0
Merge: 0a70d88 5cf5f0a
Author: tabenmalik <tabenjmalik@gmail.com>
Date:   Mon Mar 27 22:53:16 2017 -0500

    Merge branch 'develop' of https://github.com/samuelbraley/idb into develop

commit 0a70d8840bcec2654c5928770a4f5d7ded70ea53
Author: tabenmalik <tabenjmalik@gmail.com>
Date:   Mon Mar 27 22:49:02 2017 -0500

    Added satellite scraper

commit 6b3867485b4841d01c83ad689cde313a0de32982
Author: tabenmalik <tabenjmalik@gmail.com>
Date:   Mon Mar 27 17:12:32 2017 -0500

    Added galaxy scraper

commit d14a21c83df342f9a87d654d1e9b22292151fb7e
Author: Nick Kantor <nick.kantor@utexas.edu>
Date:   Mon Mar 27 16:17:33 2017 -0500

    Added dependencies for React.

commit 372e5dbde93c213d274d6171c9cef3b226c77ed1
Author: tabenmalik <tabenjmalik@gmail.com>
Date:   Mon Mar 27 14:39:15 2017 -0500

    Added star data scraper

commit c7be9285efd7b93287636fc8d07ffad6d3092330
Author: tabenmalik <tabenjmalik@gmail.com>
Date:   Mon Mar 27 13:40:22 2017 -0500

    Added planet data scraper

commit 5cf5f0af4918f320719042a911537799b63d0499
Author: Nick Kantor <nick.kantor@utexas.edu>
Date:   Mon Mar 27 16:25:33 2017 -0500

    Removed the technical report pdf.

commit 5df2c81c15c23a0580aaef8066b10c470016adbe
Author: Nick Kantor <nick.kantor@utexas.edu>
Date:   Mon Mar 27 16:17:33 2017 -0500

    Added dependencies for React.

commit bda85eba151cb2e18fd1df5adfd03122d001f88c
Merge: 4a6ce67 5a47542
Author: Samuel Braley <samuelbraley@users.noreply.github.com>
Date:   Sat Mar 25 13:41:15 2017 -0500

    Merge pull request #31 from samuelbraley/develop
    
    Added simple table of contents

commit 5a47542b83d909c3aeef3e9016ccf9bcbd842a8c
Author: Taben Malik <tabenjmalik@gmail.com>
Date:   Sat Mar 25 11:20:04 2017 -0500

    Added simple table of contents

commit 4a6ce67ca4a245a079509cd2371c12eb383535ed
Author: tabenmalik <tabenjmalik@gmail.com>
Date:   Thu Mar 23 21:38:12 2017 -0500

    Replaced null values with data

commit 03c627d9bb71e8a55c31ddf0237b23548e0a2eec
Author: David Ares <davidares7@gmail.com>
Date:   Thu Mar 23 21:34:16 2017 -0500

    Delete TechnicalReport-Phase1.pdf

commit 646579e351933515879740acd27c7ee7049c9e50
Author: tabenmalik <tabenjmalik@gmail.com>
Date:   Thu Mar 23 21:30:40 2017 -0500

    Final commit

commit a06d1b1005e06e9bc6d877a05c253e9c6a6773f8
Merge: db01424 d78029e
Author: David Ares <davidares7@gmail.com>
Date:   Thu Mar 23 21:27:43 2017 -0500

    Merge pull request #30 from samuelbraley/develop
    
    Develop

commit d78029e4b625c3e9a3ee34fc127fc75ca17e04e2
Author: Scott Farrior <farrior@cs.utexas.edu>
Date:   Thu Mar 23 21:24:28 2017 -0500

    Re-made IDB1.html

commit db014242aad62655d15136f8e7816b1d1a107c11
Author: Samuel Braley <samuelbraley@users.noreply.github.com>
Date:   Thu Mar 23 21:22:18 2017 -0500

    Update README.md

commit f6391bc9c4616f882e385a96528a0891864de92b
Author: david Ares <dares23@cs.utexas.edu>
Date:   Thu Mar 23 21:21:59 2017 -0500

    makefile variable change

commit 81b55cf7057f5478efcc073adfeac23820a3590c
Merge: 10bf115 4bee7a8
Author: Nick Kantor <nick.kantor@utexas.edu>
Date:   Thu Mar 23 21:18:47 2017 -0500

    Merge branch 'develop' of https://github.com/samuelbraley/idb into develop

commit 10bf1159f5a08ba578c3b9654fddb1cf59e7fb6e
Author: Nick Kantor <nick.kantor@utexas.edu>
Date:   Thu Mar 23 21:18:31 2017 -0500

    Finialized the report and about page.

commit 4bee7a8041700e81b986f92059494ac6a5bc6e15
Author: Scott Farrior <farrior@cs.utexas.edu>
Date:   Thu Mar 23 21:18:17 2017 -0500

    Adds final IDB1.html

commit 5930453f156bbd2b75d61cea3781acebde439729
Merge: b6c79f7 ecb2ec8
Author: Nick Kantor <nick.kantor@utexas.edu>
Date:   Thu Mar 23 20:49:21 2017 -0500

    Merge branch 'develop' of https://github.com/samuelbraley/idb into develop

commit b6c79f717f501cb71c5d0c6fce6416229df707cb
Author: Nick Kantor <nick.kantor@utexas.edu>
Date:   Thu Mar 23 20:49:07 2017 -0500

    Latest changes to the report.

commit ecb2ec8757908f5c9d4f535ae49d55ec62ca10e5
Author: david Ares <dares23@cs.utexas.edu>
Date:   Thu Mar 23 20:45:50 2017 -0500

    fixing broken links

commit 3d6c3d86c850416462b4316dbd0ae3ebe649567a
Merge: e12683c 0ac8447
Author: David Ares <davidares7@gmail.com>
Date:   Thu Mar 23 20:41:36 2017 -0500

    Merge pull request #29 from samuelbraley/develop
    
    Develop

commit 0ac8447f58318e1efa29825caca41ec46e49c991
Merge: 2a301fc a53b4c4
Author: david Ares <dares23@cs.utexas.edu>
Date:   Thu Mar 23 20:35:21 2017 -0500

    Merge branch 'develop' of github.com:samuelbraley/idb into develop

commit 2a301fca25015cfa175a2aa7dcbbd9467e98b56b
Author: david Ares <dares23@cs.utexas.edu>
Date:   Thu Mar 23 20:34:40 2017 -0500

    formatting

commit c38a08d58f4aec719b6b84069c15f280e2b75185
Author: Nick Kantor <nick.kantor@utexas.edu>
Date:   Thu Mar 23 20:27:50 2017 -0500

    Added report page. Not done yet.

commit 18944c5dea47ae50ebbc3e5478c167174e4f04fc
Author: Gustavo Osorio <lpztavo@yahoo.com>
Date:   Thu Mar 23 20:24:21 2017 -0500

    Changed attribute names to match official model.

commit 62f11eef8b6edac67055607c7eb28b04dbc35758
Author: david Ares <dares23@cs.utexas.edu>
Date:   Thu Mar 23 20:10:41 2017 -0500

    added changes to the about page

commit 25086e18297ea9652e3b992246f3894383a658b6
Author: Scott Farrior <farrior@cs.utexas.edu>
Date:   Thu Mar 23 20:03:55 2017 -0500

    Fixed app.yaml

commit 0476ff2c11f34b67b3eaf5c83c71e224a3e691e1
Author: Scott Farrior <farrior@cs.utexas.edu>
Date:   Thu Mar 23 19:53:31 2017 -0500

    Updated app.yaml to try to save us some credits

commit 902eba456f6ca79febc272ed3364839e57d8c970
Author: david Ares <dares23@cs.utexas.edu>
Date:   Thu Mar 23 18:59:57 2017 -0500

    added better formatted picture

commit e295ac7614b7ea57ce02dac5440d6f25afe1f70a
Author: tabenmalik <tabenjmalik@gmail.com>
Date:   Thu Mar 23 18:50:39 2017 -0500

    Added satellite pictures

commit 4aa80ac90ba20cb4ba347e845b0007c462c9f43d
Author: Scott Farrior <farrior@utexas.edu>
Date:   Thu Mar 23 18:48:19 2017 -0500

    Fixed small error in UML diagram

commit ac8f208b9af4e10489fe2967669218ace7689db2
Author: Scott Farrior <farrior@cs.utexas.edu>
Date:   Thu Mar 23 18:42:41 2017 -0500

    Fixed a typo in models.py

commit d3391b75385bf177d408a4adef12cd57ce4afd85
Author: Scott Farrior <farrior@cs.utexas.edu>
Date:   Thu Mar 23 16:58:14 2017 -0500

    Added sfarrior bio

commit a53b4c49b469ffbea0b621bd797c5c170c24abbd
Author: david Ares <dares23@cs.utexas.edu>
Date:   Thu Mar 23 20:34:40 2017 -0500

    formatting

commit e12683c6577043e315c7d7f7f6522257dc77a7bd
Author: Samuel Braley <samuelbraley@users.noreply.github.com>
Date:   Thu Mar 23 20:31:44 2017 -0500

    Update README.md

commit fab93c196323cea29f0316079c1d975502f0183b
Author: Samuel Braley <samuelbraley@users.noreply.github.com>
Date:   Thu Mar 23 20:31:10 2017 -0500

    Create README.md

commit 21a03dd0068e1767a9725f761544c5ef5ccb0c35
Merge: ba1754e 0a32ac0
Author: Nick Kantor <nick.kantor@utexas.edu>
Date:   Thu Mar 23 20:28:02 2017 -0500

    Merge branch 'develop' of https://github.com/samuelbraley/idb into develop

commit ba1754e83959e9728a0162728b580e02bf2c9967
Author: Nick Kantor <nick.kantor@utexas.edu>
Date:   Thu Mar 23 20:27:50 2017 -0500

    Added report page. Not done yet.

commit 0a32ac085210ea73c44eca45533d7353c552e4d3
Author: Gustavo Osorio <lpztavo@yahoo.com>
Date:   Thu Mar 23 20:24:21 2017 -0500

    Changed attribute names to match official model.

commit 926abea1391949d1d798452fe5d10ee5a1510128
Author: david Ares <dares23@cs.utexas.edu>
Date:   Thu Mar 23 20:10:41 2017 -0500

    added changes to the about page

commit f5d5f9179d0aa480d1d00b35db54ed47c3becb9e
Author: Scott Farrior <farrior@cs.utexas.edu>
Date:   Thu Mar 23 20:03:55 2017 -0500

    Fixed app.yaml

commit 3a7690b0885cd6a0a0b705c8dd6121e62675f841
Merge: 5d0ea04 71d342d
Author: Scott Farrior <farrior@cs.utexas.edu>
Date:   Thu Mar 23 19:54:56 2017 -0500

    Merge branch 'develop' of https://github.com/samuelbraley/idb into develop

commit 5d0ea04436e3550f0fcdc5f4ce251531491a9e91
Author: Scott Farrior <farrior@cs.utexas.edu>
Date:   Thu Mar 23 19:53:31 2017 -0500

    Updated app.yaml to try to save us some credits

commit 71d342d98a32ea72f791bb5bb1dc1f51e0e2fdf2
Author: david Ares <dares23@cs.utexas.edu>
Date:   Thu Mar 23 18:59:57 2017 -0500

    added better formatted picture

commit 93e2279bb8a87fcc062ecec4e1e521acdb3e3fc4
Merge: a00f183 dd13177
Author: tabenmalik <tabenjmalik@gmail.com>
Date:   Thu Mar 23 18:51:09 2017 -0500

    Merge branch 'develop' of https://github.com/samuelbraley/idb into develop

commit a00f183eaeef5028dc5c5ecae4f2a6a50d5dba7e
Author: tabenmalik <tabenjmalik@gmail.com>
Date:   Thu Mar 23 18:50:39 2017 -0500

    Added satellite pictures

commit dd13177268855526663e0e882888a23562a7ccce
Author: Scott Farrior <farrior@utexas.edu>
Date:   Thu Mar 23 18:48:19 2017 -0500

    Fixed small error in UML diagram

commit 2c2df5b22d050e5c5af9ecbae63f649111306377
Author: Scott Farrior <farrior@cs.utexas.edu>
Date:   Thu Mar 23 18:42:41 2017 -0500

    Fixed a typo in models.py

commit 87c619c4bccd11de8998e817fd5e23810305bc2f
Merge: db28145 6538549
Author: david Ares <dares23@cs.utexas.edu>
Date:   Thu Mar 23 17:39:49 2017 -0500

    Merge branch 'develop' of github.com:samuelbraley/idb into develop

commit db2814571b9afea78dd049cfd0d3441dc40df455
Author: Scott Farrior <farrior@cs.utexas.edu>
Date:   Thu Mar 23 16:58:14 2017 -0500

    Added sfarrior bio

commit e5d1decff79c8926956b80b3eb104f82c4cccd1f
Merge: 8ddb960 8768304
Author: David Ares <davidares7@gmail.com>
Date:   Thu Mar 23 17:37:26 2017 -0500

    Merge pull request #28 from samuelbraley/dev-david-css
    
    Dev david css

commit 6538549bb15f8bbb29b1910ee1ad7e9355de605b
Merge: c7531ad 8768304
Author: David Ares <davidares7@gmail.com>
Date:   Thu Mar 23 17:34:37 2017 -0500

    Merge pull request #27 from samuelbraley/dev-david-css
    
    model list grids are finished

commit 8768304b3f23d3c61264f21b2163346dfe05eeed
Author: david Ares <dares23@cs.utexas.edu>
Date:   Thu Mar 23 17:31:38 2017 -0500

    updated picture

commit 1a3b72bb8d48fcb3c914a539a50ba49ffa809b33
Author: david Ares <dares23@cs.utexas.edu>
Date:   Thu Mar 23 17:26:00 2017 -0500

    reformatted model's html pages with css

commit 8ddb9600cbcd5f97bb8497978bd8450892614878
Author: Space Cowboys <spacecowboys373@gmail.com>
Date:   Thu Mar 23 17:21:05 2017 -0500

    Synched model attribute names

commit c7531ade0a027ca10c84badb522348e6ea447522
Author: Scott Farrior <farrior@cs.utexas.edu>
Date:   Thu Mar 23 16:58:14 2017 -0500

    Added sfarrior bio

commit 296ac3259f1b953ff4b074f89dca45a87f1e33d6
Author: Space Cowboys <spacecowboys373@gmail.com>
Date:   Thu Mar 23 16:58:11 2017 -0500

    Finished Apiary API Documentation. Fixes #2

commit 5315d8743cb4fea63e93504d8a46756afc202f7a
Author: david Ares <dares23@cs.utexas.edu>
Date:   Thu Mar 23 16:12:11 2017 -0500

    model list grids are finished

commit 2b190a57717cb5dfa2e707ea73518a9ee34024cd
Author: Space Cowboys <spacecowboys373@gmail.com>
Date:   Thu Mar 23 15:56:33 2017 -0500

    Update Apairy with new requests

commit 9e211adf8a978282638c0b1b745ce7fe3b618c48
Merge: 9b832eb 2c6efa1
Author: David Ares <davidares7@gmail.com>
Date:   Thu Mar 23 15:24:21 2017 -0500

    Merge pull request #25 from samuelbraley/dev-david-css
    
    added css to main tables

commit 2c6efa141de132343e184125569c92310fa021d6
Author: david Ares <dares23@cs.utexas.edu>
Date:   Thu Mar 23 15:22:06 2017 -0500

    added css to main tables

commit 9b832eb9850e963e025798b197f1c211c94f6a85
Author: tabenmalik <tabenjmalik@gmail.com>
Date:   Thu Mar 23 14:58:45 2017 -0500

    Added descriptions in about page

commit 70ad9064c5b6d3722adf076a79218066ecac701b
Merge: 7097c89 81afb5b
Author: Taben <tabenjmalik@gmail.com>
Date:   Thu Mar 23 13:58:25 2017 -0500

    Merge pull request #24 from samuelbraley/dev-david-models-page
    
    Dev david models page

commit 81afb5b1708b4e005295ba1e414a45288b071b8d
Author: dares23 <davidares7@gmail.com>
Date:   Thu Mar 23 13:44:26 2017 -0500

    added galaxy and satellite models

commit 7097c89151a29f2a318fc90f94af7755fa26c61a
Author: Scott Farrior <farrior@cs.utexas.edu>
Date:   Thu Mar 23 13:25:13 2017 -0500

    Updated makefile again, html target not part of make test any more

commit 3f07db3cb02ea107b6311f206d2426c3e5a9e455
Author: Scott Farrior <farrior@cs.utexas.edu>
Date:   Thu Mar 23 13:20:05 2017 -0500

    Forced a pylintrc to see if I could make the build not fail

commit e03aeea615faea0aaef8fcf5485f4a7399a3cb80
Author: dares23 <davidares7@gmail.com>
Date:   Thu Mar 23 13:17:00 2017 -0500

    completed planets and stars

commit bb6088d95317676133ddf5cff8e19730669804f0
Author: Scott Farrior <farrior@cs.utexas.edu>
Date:   Thu Mar 23 13:06:51 2017 -0500

    Makefile creates pylintrc in app folder as well

commit 1883e86d97859ca4510a1ee2042d86b5bea354de
Author: Scott Farrior <farrior@cs.utexas.edu>
Date:   Thu Mar 23 12:59:32 2017 -0500

    Updates makefile to not run coverage, create IDB1.html and .log

commit 496be4f764f3be73eccc6e66662389f7db3f6235
Author: Scott Farrior <farrior@cs.utexas.edu>
Date:   Thu Mar 23 12:57:39 2017 -0500

    Adds pydoc output for models.py

commit fb0b4cb872bd2bab453b04eda8e552f6c0dda1ad
Author: Scott Farrior <farrior@cs.utexas.edu>
Date:   Thu Mar 23 12:54:40 2017 -0500

    Further removes value and type errors from models and tests

commit 6f9bb961f08611e2c8db33481d06fd61f024a249
Author: Scott Farrior <farrior@cs.utexas.edu>
Date:   Thu Mar 23 12:19:26 2017 -0500

    Updated test.py to pylint standards and ran autopep8

commit 0e554167f1386ece2dd6b50bf47cdf9a6ed7596f
Author: Scott Farrior <farrior@cs.utexas.edu>
Date:   Thu Mar 23 12:06:08 2017 -0500

    Updates test.py to not have any value errors

commit f6b8de087628eacb54e8473cf6897e7b057940b6
Author: Scott Farrior <farrior@cs.utexas.edu>
Date:   Thu Mar 23 12:04:58 2017 -0500

    Changed keys in models.py to have underscores, also updated their default parameters for iterables from None to empty tuples

commit d8c359199980de62df7012653a9228f1508c8a6b
Author: Scott Farrior <farrior@cs.utexas.edu>
Date:   Thu Mar 23 11:48:30 2017 -0500

    Added module docstring, ran autopep8, made pylint stop complaining

commit ff0a4720d817ade94293a9cd8742ac129896522d
Author: david Ares <dares23@cs.utexas.edu>
Date:   Thu Mar 23 11:39:08 2017 -0500

    variablized html template for two models

commit ef099eebc58de3cf8d9056a23453b06095a5bcbe
Merge: 72773fc 0ab6c19
Author: david Ares <dares23@cs.utexas.edu>
Date:   Thu Mar 23 11:08:30 2017 -0500

    merge conflicts

commit 72773fcb7775120e919bac8fdaed893f562a4ca9
Author: david Ares <dares23@cs.utexas.edu>
Date:   Thu Mar 23 10:59:27 2017 -0500

    created grid htmls for each model type - no css yet

commit 2022179129df0655147d3df19918849871150cca
Author: david Ares <dares23@cs.utexas.edu>
Date:   Wed Mar 22 15:45:51 2017 -0500

    changed table to grid

commit ab3a55893b61026788ce74317eab68c3f929ae28
Author: Scott Farrior <farrior@cs.utexas.edu>
Date:   Wed Mar 22 13:57:20 2017 -0500

    Adds sqlalchemy to travis.yml

commit a88929a26b8106ddebb8fa6af598adb5995c2683
Author: Gustavo Osorio <lpztavo@yahoo.com>
Date:   Wed Mar 22 03:46:37 2017 -0500

    Added 12 test cases for models

commit 2f988011cb4dc3036f8a965298c7137032532e7f
Author: Taben Malik <tabenjmalik@gmail.com>
Date:   Wed Mar 22 00:33:45 2017 -0500

    Hot fix for satellite json data format

commit 792e1821183181809ec2724bdaa0ab7224c2fc5f
Author: Taben Malik <tabenjmalik@gmail.com>
Date:   Wed Mar 22 00:20:38 2017 -0500

    Added 3 satellite instances and photos

commit 371ca6fa86d07101c8c55fa8e1a41fa549b4fb0f
Author: Taben Malik <tabenjmalik@gmail.com>
Date:   Tue Mar 21 23:57:24 2017 -0500

    Added 3 galaxy instances

commit 4fff77546bff1ba59fbb41595686be4ffb7ce784
Author: Taben Malik <tabenjmalik@gmail.com>
Date:   Tue Mar 21 21:06:52 2017 -0500

    Added photos for stars and planets

commit 2e0683aaa32bffdf3942eb2754cb36751407438b
Author: Scott Farrior <farrior@cs.utexas.edu>
Date:   Tue Mar 21 19:27:58 2017 -0500

    Adds the model for planetoid bodies

commit 4841e4c40d3b369b74299ddd98f0e352fb5199b1
Author: tabenmalik <tabenjmalik@gmail.com>
Date:   Tue Mar 21 18:48:05 2017 -0500

    Created 3 instances of stars and planets

commit 46dba32211bf3eda9b3451317a74c1d36992ee47
Author: Scott Farrior <farrior@cs.utexas.edu>
Date:   Tue Mar 21 17:11:24 2017 -0500

    Adds the model for galaxies

commit d8a8655062fd8493757c353e71e37a185dc35728
Author: Scott Farrior <farrior@cs.utexas.edu>
Date:   Tue Mar 21 16:56:03 2017 -0500

    Updated stars and satellites to match Taben's changes

commit b686d4877a46db9dc49b6852037d374fa5c31a49
Author: Taben Malik <tabenjmalik@gmail.com>
Date:   Tue Mar 21 09:14:23 2017 -0500

    Exoplanet archive script. Some attributes need to be calculated

commit 6fdfc6b4737a158030fa1ad6032f2c0e0280dc84
Merge: 404bda5 4de833e
Author: Nick Kantor <nick.kantor@utexas.edu>
Date:   Thu Mar 23 09:44:47 2017 -0500

    Merge branch 'develop' of https://github.com/samuelbraley/idb into develop

commit 404bda5854f1113f07985c7c4ebb147e38ab4199
Author: Nick Kantor <nick.kantor@utexas.edu>
Date:   Thu Mar 23 09:44:32 2017 -0500

    Updated the technical report and my bio.

commit 4de833ee3010e5d32bb464a76b088e108e6c86e5
Author: Gustavo Osorio <lpztavo@yahoo.com>
Date:   Thu Mar 23 05:24:45 2017 -0500

    Added bio and updated UML

commit b36029570b792239ce895f6d589edfba22dcc6e5
Author: Gustavo Osorio <lpztavo@yahoo.com>
Date:   Thu Mar 23 02:10:27 2017 -0500

    Added comments closes #7

commit 2267cb36dfc118b3f9225b64a49389a4036ace5d
Author: Scott Farrior <farrior@cs.utexas.edu>
Date:   Thu Mar 23 01:11:28 2017 -0500

    Added comments to models.py for pydoc

commit c8d9c4ead1cdf34b38a922e846f61cac82b325e2
Author: Gustavo Osorio <lpztavo@yahoo.com>
Date:   Thu Mar 23 00:35:37 2017 -0500

    Changed tests  dictionary()

commit af03c6ca15252061788b744f7743684e95ca4c3f
Author: Nick Kantor <nick.kantor@utexas.edu>
Date:   Wed Mar 22 23:54:03 2017 -0500

    Changed the Carousel and finished the design of the about page, including embeding the technical report.

commit c953c97a13ef7b37b9b1308f683b57c542a4c6e7
Author: Nick Kantor <nick.kantor@utexas.edu>
Date:   Wed Mar 22 23:43:56 2017 -0500

    Adding the technical report for embeding purposes.

commit 7ba6d1df66973a6138586777c9e39cf2c11ce3c3
Merge: 82440d6 5685e40
Author: Nick Kantor <nick.kantor@utexas.edu>
Date:   Wed Mar 22 23:43:03 2017 -0500

    Resolving merge conflict.

commit 5685e409b90436fa44f81ecffa920f20f342102a
Author: Scott Farrior <farrior@utexas.edu>
Date:   Wed Mar 22 23:37:25 2017 -0500

    Adding the UML pdf before we forget

commit 82440d6be4b4a374f14c4743e5c707ec4749287b
Merge: 01c4880 35f2bcb
Author: Nick Kantor <nick.kantor@utexas.edu>
Date:   Wed Mar 22 23:36:55 2017 -0500

    Merge branch 'develop' of https://github.com/samuelbraley/idb into develop

commit 01c48801869bc43e6ff60e13aea2014e4d689585
Author: Nick Kantor <nick.kantor@utexas.edu>
Date:   Wed Mar 22 23:36:41 2017 -0500

    Added the technical report so I can embed it.

commit 35f2bcb5e83b84e4fb15cd79d9f895eeb7fe55ca
Merge: ac9b705 691d053
Author: Gustavo Osorio <lpztavo@yahoo.com>
Date:   Wed Mar 22 20:23:17 2017 -0500

    Merge branch 'develop' of https://github.com/samuelbraley/idb into develop

commit ac9b70521c5da8a58c4ab92eff80acaf41e0a84a
Author: Gustavo Osorio <lpztavo@yahoo.com>
Date:   Wed Mar 22 20:22:18 2017 -0500

    Fixed some pylint errors on test.py

commit 691d0539fd9c304bdc8e1d133b6d5842ee61b8c7
Author: Scott Farrior <farrior@cs.utexas.edu>
Date:   Wed Mar 22 19:23:57 2017 -0500

    Changes __repr__() to dictionary() in models.py

commit d8e042367413fdadb8e168394b5bff2e7f1fd10e
Author: Nick Kantor <nick.kantor@utexas.edu>
Date:   Wed Mar 22 16:25:31 2017 -0500

    Resolved merge.

commit b4cdb217c507538f385bbe054a893eb13f05c1aa
Merge: d5b18b8 5228962
Author: Nick Kantor <nick.kantor@utexas.edu>
Date:   Wed Mar 22 16:23:22 2017 -0500

    Merge branch 'develop' of https://github.com/samuelbraley/idb into develop

commit d5b18b868f1f0e61e39fbfac505101755c3dbf96
Author: Nick Kantor <nick.kantor@utexas.edu>
Date:   Wed Mar 22 16:23:17 2017 -0500

    Fixed the carousel and the about page.

commit 0ab6c193f5803581a0343214632f10e4bfa9e4c3
Author: david Ares <dares23@cs.utexas.edu>
Date:   Wed Mar 22 15:45:51 2017 -0500

    changed table to grid

commit 7bc42ecae8cc6889279b17fac30ef46ce87e79a1
Author: Space Cowboys <spacecowboys373@gmail.com>
Date:   Wed Mar 22 15:43:23 2017 -0500

    added attributes for all models

commit 6e970f12ecd60f5397c9ce1142b8058fa26f2cea
Author: Space Cowboys <spacecowboys373@gmail.com>
Date:   Wed Mar 22 15:31:17 2017 -0500

    tiny update

commit d912dda3fba25d037df3b0645fbbfa904f4c9fe3
Author: Space Cowboys <spacecowboys373@gmail.com>
Date:   Wed Mar 22 15:28:48 2017 -0500

    More API documentation updates

commit 522896223162d6209df7cc1ded873c4264b7f534
Author: Scott Farrior <farrior@cs.utexas.edu>
Date:   Wed Mar 22 14:55:17 2017 -0500

    Updates models to match json and makes pylint not complain so much

commit da081cf457371b8d6ee7268a0c45bc2a0273bf7f
Author: Space Cowboys <spacecowboys373@gmail.com>
Date:   Wed Mar 22 14:11:28 2017 -0500

    Updated API documentation

commit 3bf071759867b072418eaed23ee13b0094a81c63
Merge: f9ed2b0 84b6c3e
Author: Scott Farrior <farrior@cs.utexas.edu>
Date:   Wed Mar 22 13:57:41 2017 -0500

    Merge branch 'develop' of https://github.com/samuelbraley/idb into develop

commit f9ed2b01393029f1028823a85fa84c0c4597ad57
Author: Scott Farrior <farrior@cs.utexas.edu>
Date:   Wed Mar 22 13:57:20 2017 -0500

    Adds sqlalchemy to travis.yml

commit 84b6c3e9e17425a17a927cd92163c6cf136251f8
Merge: 7e43684 3ad6336
Author: tabenmalik <tabenjmalik@gmail.com>
Date:   Wed Mar 22 12:48:45 2017 -0500

    Merge branch 'develop' of https://github.com/samuelbraley/idb into develop-taben-models

commit 7e43684e3ae546e8fc207561e47c7f1694a5460f
Merge: 6f4d06d 92bf3b2
Author: tabenmalik <tabenjmalik@gmail.com>
Date:   Wed Mar 22 12:47:04 2017 -0500

    Merge branch 'develop-taben-models' of https://github.com/samuelbraley/idb into develop-taben-models

commit 3ad63368d293a68d75a409fc6f0433e1d2ecee0c
Author: Gustavo Osorio <lpztavo@yahoo.com>
Date:   Wed Mar 22 03:46:37 2017 -0500

    Added 12 test cases for models

commit 92bf3b226c3c78c70722a78bc6f0ade008694f5b
Author: Taben Malik <tabenjmalik@gmail.com>
Date:   Wed Mar 22 00:33:45 2017 -0500

    Hot fix for satellite json data format

commit 1b573990de397c6884fced6a6c05fda99099d525
Author: Space Cowboys <spacecowboys373@gmail.com>
Date:   Wed Mar 22 00:32:57 2017 -0500

    additional push

commit bcd2caae5cb9c07c6f4dda7a2546c2de80b072c3
Author: Space Cowboys <spacecowboys373@gmail.com>
Date:   Wed Mar 22 00:32:00 2017 -0500

    Added satellite example API calls

commit c9988a222b82e0aca4e77322ee5cea8212ad7d4e
Author: Taben Malik <tabenjmalik@gmail.com>
Date:   Wed Mar 22 00:20:38 2017 -0500

    Added 3 satellite instances and photos

commit da7c67bb6f5f6417d0e43e47e9bbd498d4be3a69
Author: Space Cowboys <spacecowboys373@gmail.com>
Date:   Wed Mar 22 00:10:57 2017 -0500

    Transferring API Description file from Apiary.io - added API examples for everything except satellites

commit 7ff4a388e2358752a693d41617ca1c993a8aa204
Author: Taben Malik <tabenjmalik@gmail.com>
Date:   Tue Mar 21 23:57:24 2017 -0500

    Added 3 galaxy instances

commit 0fde120fe1c2a0790db0596b8177541c39d38747
Author: Taben Malik <tabenjmalik@gmail.com>
Date:   Tue Mar 21 21:06:52 2017 -0500

    Added photos for stars and planets

commit cfe8f47b2f46a91ebf0023178ce202f15ebfbeb9
Author: Scott Farrior <farrior@cs.utexas.edu>
Date:   Tue Mar 21 19:27:58 2017 -0500

    Adds the model for planetoid bodies

commit 6f4d06dcf91853dfd0d930e8d9189737a4488fa4
Merge: 631ad3b a497180
Author: tabenmalik <tabenjmalik@gmail.com>
Date:   Tue Mar 21 18:52:57 2017 -0500

    Merge branch 'develop' of https://github.com/samuelbraley/idb into develop-taben-models

commit 631ad3b557fc7d3c56f54b96df204ad539b81293
Author: tabenmalik <tabenjmalik@gmail.com>
Date:   Tue Mar 21 18:48:05 2017 -0500

    Created 3 instances of stars and planets

commit a497180859da229bf36c662170384084a04f6d65
Author: Scott Farrior <farrior@cs.utexas.edu>
Date:   Tue Mar 21 17:11:24 2017 -0500

    Adds the model for galaxies

commit 12f73327d51ca9e16260fe559b77b0aad921447d
Merge: cfac3ab 8783647
Author: Scott Farrior <farrior@cs.utexas.edu>
Date:   Tue Mar 21 17:10:45 2017 -0500

    Merge branch 'develop' of https://github.com/samuelbraley/idb into develop

commit 8783647fdc9b68170d38dd4c6ce1ab4670ee5766
Author: tabenmalik <tabenjmalik@gmail.com>
Date:   Tue Mar 21 17:00:24 2017 -0500

    Added taben's bio

commit cfac3ab57aa6fc638810afdb3c090b2c5b75e1fc
Author: Scott Farrior <farrior@cs.utexas.edu>
Date:   Tue Mar 21 16:56:03 2017 -0500

    Updated stars and satellites to match Taben's changes

commit 3bb238f1d718d8cd4939d44d74a1126b67d7108e
Author: Scott Farrior <farrior@cs.utexas.edu>
Date:   Tue Mar 21 14:13:52 2017 -0500

    Updates satellite and adds star to models

commit 22e113f2361dcea9018672ae9a7ae6cc1cd499ee
Author: Scott Farrior <farrior@cs.utexas.edu>
Date:   Tue Mar 21 12:16:56 2017 -0500

    Adds the model for satellites

commit 538e93887435b675eb144bf5a89c8e6ace5878ce
Author: Scott Farrior <farrior@cs.utexas.edu>
Date:   Tue Mar 21 10:16:28 2017 -0500

    Adds sqlalchemy to the required pip packages

commit 74ccd4068bc7b0deda59a93bfab8fd53e2f1c3a4
Author: Taben Malik <tabenjmalik@gmail.com>
Date:   Tue Mar 21 09:14:23 2017 -0500

    Exoplanet archive script. Some attributes need to be calculated

commit 2d9c1ddad455d34fc12bc547349f07e768a5aac7
Author: Nick Kantor <nick.kantor@utexas.edu>
Date:   Mon Mar 20 23:04:41 2017 -0500

    Modified the about page. Not quite done though.

commit 26013d763a7ffef4f31aebd767b57c8576f5403a
Author: Nick Kantor <nick.kantor@utexas.edu>
Date:   Mon Mar 20 16:45:38 2017 -0500

    Updated the makefile and cleaned up the code.

commit 7b066cda6f7da916126438a757cc101eb2d0b544
Author: Scott Farrior <farrior@cs.utexas.edu>
Date:   Mon Mar 20 13:32:53 2017 -0500

    Adds files required to run our app on GCP appengine

commit 7ae97999adf578c342658999f61db497025db28f
Merge: 36ea0b7 262a22c
Author: David Ares <davidares7@gmail.com>
Date:   Mon Mar 20 13:26:04 2017 -0500

    Merge pull request #19 from samuelbraley/dev
    
    Dev

commit 36ea0b7b23f63b339e946a694db67ce0b4287c3d
Author: Space Cowboys <spacecowboys373@gmail.com>
Date:   Mon Mar 20 12:12:41 2017 -0500

    hello world commit for apiary integration

commit 262a22c9fe21f23f513aaae2f6d0e01c38398adf
Author: Nick Kantor <nick.kantor@utexas.edu>
Date:   Sun Mar 19 23:44:54 2017 -0500

    Added the splash carousel.

commit 9a650a499f3bf2a8c040b612b0b0a61bb4f97399
Author: david Ares <dares23@cs.utexas.edu>
Date:   Sun Mar 19 15:27:26 2017 -0500

    added about.html and link to it in nav bar

commit ba4c5288ab90e435df76dc501e0ed063b482f7a8
Author: Nick Kantor <nick.kantor@utexas.edu>
Date:   Sun Mar 19 02:01:31 2017 -0500

    Added bootstrap and made it look a little nicer.

commit 85111a29485cad4281b3f0ec2ea5bcf55ae20bd2
Author: david Ares <dares23@cs.utexas.edu>
Date:   Sat Mar 18 18:14:30 2017 -0500

    added html temple to render tables for each model

commit 9fb13f220902b58c18d45dfff64db06400fea6b0
Author: Nick Kantor <nick.kantor@utexas.edu>
Date:   Sun Mar 12 20:34:11 2017 -0500

    Base commit. Hello world flask app.

commit 78916a59dd3eea8138c6bcf112866e26d214c60c
Author: Samuel Braley <samuelbraley@users.noreply.github.com>
Date:   Fri Mar 10 12:27:11 2017 -0600

    Initial commit
